{"C:\\dev\\Andela\\bootcamp\\server\\build\\v1\\tests\\auth.js":{"path":"C:\\dev\\Andela\\bootcamp\\server\\build\\v1\\tests\\auth.js","statementMap":{"0":{"start":{"line":3,"column":0},"end":{"line":5,"column":3}},"1":{"start":{"line":7,"column":19},"end":{"line":7,"column":563}},"2":{"start":{"line":7,"column":76},"end":{"line":7,"column":347}},"3":{"start":{"line":7,"column":134},"end":{"line":7,"column":142}},"4":{"start":{"line":7,"column":144},"end":{"line":7,"column":199}},"5":{"start":{"line":7,"column":200},"end":{"line":7,"column":231}},"6":{"start":{"line":7,"column":232},"end":{"line":7,"column":286}},"7":{"start":{"line":7,"column":259},"end":{"line":7,"column":286}},"8":{"start":{"line":7,"column":287},"end":{"line":7,"column":345}},"9":{"start":{"line":7,"column":350},"end":{"line":7,"column":559}},"10":{"start":{"line":7,"column":407},"end":{"line":7,"column":475}},"11":{"start":{"line":7,"column":423},"end":{"line":7,"column":475}},"12":{"start":{"line":7,"column":476},"end":{"line":7,"column":536}},"13":{"start":{"line":7,"column":493},"end":{"line":7,"column":536}},"14":{"start":{"line":7,"column":537},"end":{"line":7,"column":556}},"15":{"start":{"line":11,"column":12},"end":{"line":11,"column":27}},"16":{"start":{"line":13,"column":13},"end":{"line":13,"column":42}},"17":{"start":{"line":15,"column":16},"end":{"line":15,"column":36}},"18":{"start":{"line":17,"column":17},"end":{"line":17,"column":50}},"19":{"start":{"line":19,"column":12},"end":{"line":19,"column":27}},"20":{"start":{"line":21,"column":13},"end":{"line":21,"column":42}},"21":{"start":{"line":23,"column":14},"end":{"line":23,"column":31}},"22":{"start":{"line":25,"column":15},"end":{"line":25,"column":46}},"23":{"start":{"line":27,"column":14},"end":{"line":27,"column":37}},"24":{"start":{"line":29,"column":39},"end":{"line":29,"column":93}},"25":{"start":{"line":31,"column":50},"end":{"line":31,"column":151}},"26":{"start":{"line":31,"column":92},"end":{"line":31,"column":149}},"27":{"start":{"line":33,"column":0},"end":{"line":33,"column":26}},"28":{"start":{"line":34,"column":0},"end":{"line":34,"column":24}},"29":{"start":{"line":35,"column":0},"end":{"line":35,"column":39}},"30":{"start":{"line":36,"column":13},"end":{"line":36,"column":34}},"31":{"start":{"line":39,"column":0},"end":{"line":39,"column":30}},"32":{"start":{"line":40,"column":11},"end":{"line":40,"column":15}},"33":{"start":{"line":42,"column":17},"end":{"line":42,"column":41}},"34":{"start":{"line":43,"column":10},"end":{"line":43,"column":24}},"35":{"start":{"line":45,"column":0},"end":{"line":45,"column":22}},"36":{"start":{"line":46,"column":13},"end":{"line":46,"column":45}},"37":{"start":{"line":47,"column":0},"end":{"line":51,"column":3}},"38":{"start":{"line":49,"column":2},"end":{"line":49,"column":157}},"39":{"start":{"line":50,"column":2},"end":{"line":50,"column":19}},"40":{"start":{"line":58,"column":19},"end":{"line":298,"column":3}},"41":{"start":{"line":66,"column":15},"end":{"line":66,"column":87}},"42":{"start":{"line":68,"column":4},"end":{"line":68,"column":40}},"43":{"start":{"line":70,"column":4},"end":{"line":70,"column":23}},"44":{"start":{"line":71,"column":4},"end":{"line":71,"column":34}},"45":{"start":{"line":83,"column":2},"end":{"line":295,"column":6}},"46":{"start":{"line":86,"column":18},"end":{"line":86,"column":22}},"47":{"start":{"line":88,"column":6},"end":{"line":88,"column":45}},"48":{"start":{"line":89,"column":6},"end":{"line":89,"column":31}},"49":{"start":{"line":90,"column":6},"end":{"line":97,"column":9}},"50":{"start":{"line":91,"column":8},"end":{"line":91,"column":27}},"51":{"start":{"line":92,"column":8},"end":{"line":92,"column":26}},"52":{"start":{"line":94,"column":8},"end":{"line":96,"column":11}},"53":{"start":{"line":95,"column":10},"end":{"line":95,"column":25}},"54":{"start":{"line":111,"column":19},"end":{"line":111,"column":23}},"55":{"start":{"line":113,"column":6},"end":{"line":229,"column":9}},"56":{"start":{"line":114,"column":8},"end":{"line":127,"column":11}},"57":{"start":{"line":115,"column":10},"end":{"line":126,"column":13}},"58":{"start":{"line":120,"column":12},"end":{"line":120,"column":45}},"59":{"start":{"line":121,"column":12},"end":{"line":121,"column":49}},"60":{"start":{"line":122,"column":12},"end":{"line":122,"column":81}},"61":{"start":{"line":123,"column":12},"end":{"line":123,"column":57}},"62":{"start":{"line":124,"column":12},"end":{"line":124,"column":55}},"63":{"start":{"line":125,"column":12},"end":{"line":125,"column":106}},"64":{"start":{"line":129,"column":8},"end":{"line":144,"column":11}},"65":{"start":{"line":130,"column":10},"end":{"line":143,"column":13}},"66":{"start":{"line":135,"column":12},"end":{"line":135,"column":45}},"67":{"start":{"line":136,"column":12},"end":{"line":136,"column":49}},"68":{"start":{"line":137,"column":12},"end":{"line":137,"column":81}},"69":{"start":{"line":138,"column":12},"end":{"line":138,"column":57}},"70":{"start":{"line":139,"column":12},"end":{"line":139,"column":55}},"71":{"start":{"line":140,"column":12},"end":{"line":140,"column":96}},"72":{"start":{"line":141,"column":12},"end":{"line":141,"column":83}},"73":{"start":{"line":142,"column":12},"end":{"line":142,"column":103}},"74":{"start":{"line":146,"column":8},"end":{"line":161,"column":11}},"75":{"start":{"line":147,"column":10},"end":{"line":160,"column":13}},"76":{"start":{"line":152,"column":12},"end":{"line":152,"column":45}},"77":{"start":{"line":153,"column":12},"end":{"line":153,"column":49}},"78":{"start":{"line":154,"column":12},"end":{"line":154,"column":81}},"79":{"start":{"line":155,"column":12},"end":{"line":155,"column":57}},"80":{"start":{"line":156,"column":12},"end":{"line":156,"column":55}},"81":{"start":{"line":157,"column":12},"end":{"line":157,"column":96}},"82":{"start":{"line":158,"column":12},"end":{"line":158,"column":82}},"83":{"start":{"line":159,"column":12},"end":{"line":159,"column":102}},"84":{"start":{"line":163,"column":8},"end":{"line":178,"column":11}},"85":{"start":{"line":164,"column":10},"end":{"line":177,"column":13}},"86":{"start":{"line":169,"column":12},"end":{"line":169,"column":45}},"87":{"start":{"line":170,"column":12},"end":{"line":170,"column":49}},"88":{"start":{"line":171,"column":12},"end":{"line":171,"column":81}},"89":{"start":{"line":172,"column":12},"end":{"line":172,"column":57}},"90":{"start":{"line":173,"column":12},"end":{"line":173,"column":55}},"91":{"start":{"line":174,"column":12},"end":{"line":174,"column":96}},"92":{"start":{"line":175,"column":12},"end":{"line":175,"column":82}},"93":{"start":{"line":176,"column":12},"end":{"line":176,"column":102}},"94":{"start":{"line":180,"column":8},"end":{"line":196,"column":11}},"95":{"start":{"line":181,"column":10},"end":{"line":195,"column":13}},"96":{"start":{"line":187,"column":12},"end":{"line":187,"column":45}},"97":{"start":{"line":188,"column":12},"end":{"line":188,"column":49}},"98":{"start":{"line":189,"column":12},"end":{"line":189,"column":81}},"99":{"start":{"line":190,"column":12},"end":{"line":190,"column":57}},"100":{"start":{"line":191,"column":12},"end":{"line":191,"column":55}},"101":{"start":{"line":192,"column":12},"end":{"line":192,"column":96}},"102":{"start":{"line":193,"column":12},"end":{"line":193,"column":79}},"103":{"start":{"line":194,"column":12},"end":{"line":194,"column":92}},"104":{"start":{"line":198,"column":8},"end":{"line":214,"column":11}},"105":{"start":{"line":199,"column":10},"end":{"line":213,"column":13}},"106":{"start":{"line":205,"column":12},"end":{"line":205,"column":45}},"107":{"start":{"line":206,"column":12},"end":{"line":206,"column":49}},"108":{"start":{"line":207,"column":12},"end":{"line":207,"column":81}},"109":{"start":{"line":208,"column":12},"end":{"line":208,"column":57}},"110":{"start":{"line":209,"column":12},"end":{"line":209,"column":55}},"111":{"start":{"line":210,"column":12},"end":{"line":210,"column":96}},"112":{"start":{"line":211,"column":12},"end":{"line":211,"column":82}},"113":{"start":{"line":212,"column":12},"end":{"line":212,"column":124}},"114":{"start":{"line":216,"column":8},"end":{"line":228,"column":11}},"115":{"start":{"line":217,"column":10},"end":{"line":227,"column":13}},"116":{"start":{"line":223,"column":12},"end":{"line":223,"column":45}},"117":{"start":{"line":224,"column":12},"end":{"line":224,"column":49}},"118":{"start":{"line":225,"column":12},"end":{"line":225,"column":78}},"119":{"start":{"line":226,"column":12},"end":{"line":226,"column":79}},"120":{"start":{"line":234,"column":19},"end":{"line":234,"column":23}},"121":{"start":{"line":236,"column":6},"end":{"line":293,"column":9}},"122":{"start":{"line":237,"column":27},"end":{"line":242,"column":9}},"123":{"start":{"line":244,"column":8},"end":{"line":251,"column":11}},"124":{"start":{"line":245,"column":10},"end":{"line":250,"column":13}},"125":{"start":{"line":246,"column":12},"end":{"line":246,"column":58}},"126":{"start":{"line":247,"column":12},"end":{"line":247,"column":19}},"127":{"start":{"line":249,"column":12},"end":{"line":249,"column":61}},"128":{"start":{"line":252,"column":8},"end":{"line":264,"column":11}},"129":{"start":{"line":253,"column":10},"end":{"line":263,"column":13}},"130":{"start":{"line":257,"column":12},"end":{"line":257,"column":45}},"131":{"start":{"line":258,"column":12},"end":{"line":258,"column":49}},"132":{"start":{"line":259,"column":12},"end":{"line":259,"column":55}},"133":{"start":{"line":260,"column":12},"end":{"line":260,"column":52}},"134":{"start":{"line":261,"column":12},"end":{"line":261,"column":58}},"135":{"start":{"line":262,"column":12},"end":{"line":262,"column":68}},"136":{"start":{"line":266,"column":8},"end":{"line":276,"column":11}},"137":{"start":{"line":267,"column":10},"end":{"line":275,"column":13}},"138":{"start":{"line":271,"column":12},"end":{"line":271,"column":45}},"139":{"start":{"line":272,"column":12},"end":{"line":272,"column":49}},"140":{"start":{"line":273,"column":12},"end":{"line":273,"column":65}},"141":{"start":{"line":274,"column":12},"end":{"line":274,"column":54}},"142":{"start":{"line":278,"column":8},"end":{"line":292,"column":11}},"143":{"start":{"line":279,"column":10},"end":{"line":291,"column":13}},"144":{"start":{"line":283,"column":12},"end":{"line":283,"column":45}},"145":{"start":{"line":284,"column":12},"end":{"line":284,"column":49}},"146":{"start":{"line":285,"column":12},"end":{"line":285,"column":81}},"147":{"start":{"line":286,"column":12},"end":{"line":286,"column":57}},"148":{"start":{"line":287,"column":12},"end":{"line":287,"column":55}},"149":{"start":{"line":288,"column":12},"end":{"line":288,"column":96}},"150":{"start":{"line":289,"column":12},"end":{"line":289,"column":82}},"151":{"start":{"line":290,"column":12},"end":{"line":290,"column":102}},"152":{"start":{"line":297,"column":2},"end":{"line":297,"column":22}},"153":{"start":{"line":300,"column":0},"end":{"line":300,"column":31}},"154":{"start":{"line":303,"column":0},"end":{"line":303,"column":56}}},"fnMap":{"0":{"name":"(anonymous_0)","decl":{"start":{"line":7,"column":19},"end":{"line":7,"column":20}},"loc":{"start":{"line":7,"column":31},"end":{"line":7,"column":561}},"line":7},"1":{"name":"defineProperties","decl":{"start":{"line":7,"column":42},"end":{"line":7,"column":58}},"loc":{"start":{"line":7,"column":74},"end":{"line":7,"column":349}},"line":7},"2":{"name":"(anonymous_2)","decl":{"start":{"line":7,"column":357},"end":{"line":7,"column":358}},"loc":{"start":{"line":7,"column":405},"end":{"line":7,"column":558}},"line":7},"3":{"name":"_interopRequireDefault","decl":{"start":{"line":29,"column":9},"end":{"line":29,"column":31}},"loc":{"start":{"line":29,"column":37},"end":{"line":29,"column":95}},"line":29},"4":{"name":"_classCallCheck","decl":{"start":{"line":31,"column":9},"end":{"line":31,"column":24}},"loc":{"start":{"line":31,"column":48},"end":{"line":31,"column":153}},"line":31},"5":{"name":"(anonymous_5)","decl":{"start":{"line":47,"column":32},"end":{"line":47,"column":33}},"loc":{"start":{"line":47,"column":47},"end":{"line":51,"column":1}},"line":47},"6":{"name":"(anonymous_6)","decl":{"start":{"line":58,"column":19},"end":{"line":58,"column":20}},"loc":{"start":{"line":58,"column":31},"end":{"line":298,"column":1}},"line":58},"7":{"name":"AuthApiTests","decl":{"start":{"line":65,"column":11},"end":{"line":65,"column":23}},"loc":{"start":{"line":65,"column":26},"end":{"line":72,"column":3}},"line":65},"8":{"name":"runTests","decl":{"start":{"line":85,"column":20},"end":{"line":85,"column":28}},"loc":{"start":{"line":85,"column":31},"end":{"line":98,"column":5}},"line":85},"9":{"name":"(anonymous_9)","decl":{"start":{"line":90,"column":33},"end":{"line":90,"column":34}},"loc":{"start":{"line":90,"column":45},"end":{"line":97,"column":7}},"line":90},"10":{"name":"(anonymous_10)","decl":{"start":{"line":94,"column":14},"end":{"line":94,"column":15}},"loc":{"start":{"line":94,"column":26},"end":{"line":96,"column":9}},"line":94},"11":{"name":"testSignUp","decl":{"start":{"line":110,"column":20},"end":{"line":110,"column":30}},"loc":{"start":{"line":110,"column":33},"end":{"line":230,"column":5}},"line":110},"12":{"name":"(anonymous_12)","decl":{"start":{"line":113,"column":51},"end":{"line":113,"column":52}},"loc":{"start":{"line":113,"column":63},"end":{"line":229,"column":7}},"line":113},"13":{"name":"(anonymous_13)","decl":{"start":{"line":114,"column":61},"end":{"line":114,"column":62}},"loc":{"start":{"line":114,"column":73},"end":{"line":127,"column":9}},"line":114},"14":{"name":"(anonymous_14)","decl":{"start":{"line":119,"column":18},"end":{"line":119,"column":19}},"loc":{"start":{"line":119,"column":38},"end":{"line":126,"column":11}},"line":119},"15":{"name":"(anonymous_15)","decl":{"start":{"line":129,"column":65},"end":{"line":129,"column":66}},"loc":{"start":{"line":129,"column":77},"end":{"line":144,"column":9}},"line":129},"16":{"name":"(anonymous_16)","decl":{"start":{"line":134,"column":18},"end":{"line":134,"column":19}},"loc":{"start":{"line":134,"column":38},"end":{"line":143,"column":11}},"line":134},"17":{"name":"(anonymous_17)","decl":{"start":{"line":146,"column":64},"end":{"line":146,"column":65}},"loc":{"start":{"line":146,"column":76},"end":{"line":161,"column":9}},"line":146},"18":{"name":"(anonymous_18)","decl":{"start":{"line":151,"column":18},"end":{"line":151,"column":19}},"loc":{"start":{"line":151,"column":38},"end":{"line":160,"column":11}},"line":151},"19":{"name":"(anonymous_19)","decl":{"start":{"line":163,"column":64},"end":{"line":163,"column":65}},"loc":{"start":{"line":163,"column":76},"end":{"line":178,"column":9}},"line":163},"20":{"name":"(anonymous_20)","decl":{"start":{"line":168,"column":18},"end":{"line":168,"column":19}},"loc":{"start":{"line":168,"column":38},"end":{"line":177,"column":11}},"line":168},"21":{"name":"(anonymous_21)","decl":{"start":{"line":180,"column":74},"end":{"line":180,"column":75}},"loc":{"start":{"line":180,"column":86},"end":{"line":196,"column":9}},"line":180},"22":{"name":"(anonymous_22)","decl":{"start":{"line":186,"column":18},"end":{"line":186,"column":19}},"loc":{"start":{"line":186,"column":38},"end":{"line":195,"column":11}},"line":186},"23":{"name":"(anonymous_23)","decl":{"start":{"line":198,"column":87},"end":{"line":198,"column":88}},"loc":{"start":{"line":198,"column":99},"end":{"line":214,"column":9}},"line":198},"24":{"name":"(anonymous_24)","decl":{"start":{"line":204,"column":18},"end":{"line":204,"column":19}},"loc":{"start":{"line":204,"column":38},"end":{"line":213,"column":11}},"line":204},"25":{"name":"(anonymous_25)","decl":{"start":{"line":216,"column":60},"end":{"line":216,"column":61}},"loc":{"start":{"line":216,"column":72},"end":{"line":228,"column":9}},"line":216},"26":{"name":"(anonymous_26)","decl":{"start":{"line":222,"column":18},"end":{"line":222,"column":19}},"loc":{"start":{"line":222,"column":38},"end":{"line":227,"column":11}},"line":222},"27":{"name":"testLogIn","decl":{"start":{"line":233,"column":20},"end":{"line":233,"column":29}},"loc":{"start":{"line":233,"column":32},"end":{"line":294,"column":5}},"line":233},"28":{"name":"(anonymous_28)","decl":{"start":{"line":236,"column":50},"end":{"line":236,"column":51}},"loc":{"start":{"line":236,"column":62},"end":{"line":293,"column":7}},"line":236},"29":{"name":"(anonymous_29)","decl":{"start":{"line":244,"column":15},"end":{"line":244,"column":16}},"loc":{"start":{"line":244,"column":31},"end":{"line":251,"column":9}},"line":244},"30":{"name":"(anonymous_30)","decl":{"start":{"line":245,"column":100},"end":{"line":245,"column":101}},"loc":{"start":{"line":245,"column":120},"end":{"line":248,"column":11}},"line":245},"31":{"name":"(anonymous_31)","decl":{"start":{"line":248,"column":19},"end":{"line":248,"column":20}},"loc":{"start":{"line":248,"column":34},"end":{"line":250,"column":11}},"line":248},"32":{"name":"(anonymous_32)","decl":{"start":{"line":252,"column":70},"end":{"line":252,"column":71}},"loc":{"start":{"line":252,"column":82},"end":{"line":264,"column":9}},"line":252},"33":{"name":"(anonymous_33)","decl":{"start":{"line":256,"column":18},"end":{"line":256,"column":19}},"loc":{"start":{"line":256,"column":38},"end":{"line":263,"column":11}},"line":256},"34":{"name":"(anonymous_34)","decl":{"start":{"line":266,"column":54},"end":{"line":266,"column":55}},"loc":{"start":{"line":266,"column":66},"end":{"line":276,"column":9}},"line":266},"35":{"name":"(anonymous_35)","decl":{"start":{"line":270,"column":18},"end":{"line":270,"column":19}},"loc":{"start":{"line":270,"column":38},"end":{"line":275,"column":11}},"line":270},"36":{"name":"(anonymous_36)","decl":{"start":{"line":278,"column":85},"end":{"line":278,"column":86}},"loc":{"start":{"line":278,"column":97},"end":{"line":292,"column":9}},"line":278},"37":{"name":"(anonymous_37)","decl":{"start":{"line":282,"column":18},"end":{"line":282,"column":19}},"loc":{"start":{"line":282,"column":38},"end":{"line":291,"column":11}},"line":282}},"branchMap":{"0":{"loc":{"start":{"line":7,"column":168},"end":{"line":7,"column":198}},"type":"binary-expr","locations":[{"start":{"line":7,"column":168},"end":{"line":7,"column":189}},{"start":{"line":7,"column":193},"end":{"line":7,"column":198}}],"line":7},"1":{"loc":{"start":{"line":7,"column":232},"end":{"line":7,"column":286}},"type":"if","locations":[{"start":{"line":7,"column":232},"end":{"line":7,"column":286}},{"start":{"line":7,"column":232},"end":{"line":7,"column":286}}],"line":7},"2":{"loc":{"start":{"line":7,"column":407},"end":{"line":7,"column":475}},"type":"if","locations":[{"start":{"line":7,"column":407},"end":{"line":7,"column":475}},{"start":{"line":7,"column":407},"end":{"line":7,"column":475}}],"line":7},"3":{"loc":{"start":{"line":7,"column":476},"end":{"line":7,"column":536}},"type":"if","locations":[{"start":{"line":7,"column":476},"end":{"line":7,"column":536}},{"start":{"line":7,"column":476},"end":{"line":7,"column":536}}],"line":7},"4":{"loc":{"start":{"line":29,"column":46},"end":{"line":29,"column":92}},"type":"cond-expr","locations":[{"start":{"line":29,"column":70},"end":{"line":29,"column":73}},{"start":{"line":29,"column":76},"end":{"line":29,"column":92}}],"line":29},"5":{"loc":{"start":{"line":29,"column":46},"end":{"line":29,"column":67}},"type":"binary-expr","locations":[{"start":{"line":29,"column":46},"end":{"line":29,"column":49}},{"start":{"line":29,"column":53},"end":{"line":29,"column":67}}],"line":29},"6":{"loc":{"start":{"line":31,"column":50},"end":{"line":31,"column":151}},"type":"if","locations":[{"start":{"line":31,"column":50},"end":{"line":31,"column":151}},{"start":{"line":31,"column":50},"end":{"line":31,"column":151}}],"line":31},"7":{"loc":{"start":{"line":66,"column":15},"end":{"line":66,"column":87}},"type":"cond-expr","locations":[{"start":{"line":66,"column":68},"end":{"line":66,"column":80}},{"start":{"line":66,"column":83},"end":{"line":66,"column":87}}],"line":66},"8":{"loc":{"start":{"line":66,"column":15},"end":{"line":66,"column":65}},"type":"binary-expr","locations":[{"start":{"line":66,"column":15},"end":{"line":66,"column":35}},{"start":{"line":66,"column":39},"end":{"line":66,"column":65}}],"line":66}},"s":{"0":1,"1":1,"2":1,"3":3,"4":3,"5":3,"6":3,"7":3,"8":3,"9":1,"10":1,"11":1,"12":1,"13":0,"14":1,"15":1,"16":1,"17":1,"18":1,"19":1,"20":1,"21":1,"22":1,"23":1,"24":4,"25":1,"26":0,"27":1,"28":1,"29":1,"30":1,"31":1,"32":1,"33":1,"34":1,"35":1,"36":1,"37":1,"38":0,"39":0,"40":1,"41":1,"42":1,"43":1,"44":1,"45":1,"46":1,"47":1,"48":1,"49":1,"50":1,"51":1,"52":1,"53":1,"54":1,"55":1,"56":1,"57":1,"58":1,"59":1,"60":1,"61":1,"62":1,"63":1,"64":1,"65":1,"66":1,"67":1,"68":1,"69":1,"70":1,"71":1,"72":1,"73":1,"74":1,"75":1,"76":1,"77":1,"78":1,"79":1,"80":1,"81":1,"82":1,"83":1,"84":1,"85":1,"86":1,"87":1,"88":1,"89":1,"90":1,"91":1,"92":1,"93":1,"94":1,"95":1,"96":1,"97":1,"98":1,"99":1,"100":1,"101":1,"102":1,"103":1,"104":1,"105":1,"106":1,"107":1,"108":1,"109":1,"110":1,"111":1,"112":1,"113":1,"114":1,"115":1,"116":1,"117":1,"118":1,"119":1,"120":1,"121":1,"122":1,"123":1,"124":1,"125":1,"126":1,"127":0,"128":1,"129":1,"130":1,"131":1,"132":1,"133":1,"134":1,"135":1,"136":1,"137":1,"138":1,"139":1,"140":1,"141":1,"142":1,"143":1,"144":1,"145":1,"146":1,"147":1,"148":1,"149":1,"150":1,"151":1,"152":1,"153":1,"154":1},"f":{"0":1,"1":1,"2":1,"3":4,"4":1,"5":0,"6":1,"7":1,"8":1,"9":1,"10":1,"11":1,"12":1,"13":1,"14":1,"15":1,"16":1,"17":1,"18":1,"19":1,"20":1,"21":1,"22":1,"23":1,"24":1,"25":1,"26":1,"27":1,"28":1,"29":1,"30":1,"31":0,"32":1,"33":1,"34":1,"35":1,"36":1,"37":1},"b":{"0":[3,3],"1":[3,0],"2":[1,0],"3":[0,1],"4":[0,4],"5":[4,4],"6":[0,1],"7":[1,0],"8":[1,1]},"_coverageSchema":"43e27e138ebf9cfc5966b082cf9a028302ed4184","hash":"db5ec8f6d226112269617e08a54970c7ced82251","contentHash":"18c15b33eca2397663c9be2b600bb923"},"C:\\dev\\Andela\\bootcamp\\server\\build\\server.js":{"path":"C:\\dev\\Andela\\bootcamp\\server\\build\\server.js","statementMap":{"0":{"start":{"line":3,"column":0},"end":{"line":5,"column":3}},"1":{"start":{"line":6,"column":0},"end":{"line":6,"column":30}},"2":{"start":{"line":8,"column":19},"end":{"line":8,"column":563}},"3":{"start":{"line":8,"column":76},"end":{"line":8,"column":347}},"4":{"start":{"line":8,"column":134},"end":{"line":8,"column":142}},"5":{"start":{"line":8,"column":144},"end":{"line":8,"column":199}},"6":{"start":{"line":8,"column":200},"end":{"line":8,"column":231}},"7":{"start":{"line":8,"column":232},"end":{"line":8,"column":286}},"8":{"start":{"line":8,"column":259},"end":{"line":8,"column":286}},"9":{"start":{"line":8,"column":287},"end":{"line":8,"column":345}},"10":{"start":{"line":8,"column":350},"end":{"line":8,"column":559}},"11":{"start":{"line":8,"column":407},"end":{"line":8,"column":475}},"12":{"start":{"line":8,"column":423},"end":{"line":8,"column":475}},"13":{"start":{"line":8,"column":476},"end":{"line":8,"column":536}},"14":{"start":{"line":8,"column":493},"end":{"line":8,"column":536}},"15":{"start":{"line":8,"column":537},"end":{"line":8,"column":556}},"16":{"start":{"line":13,"column":18},"end":{"line":13,"column":40}},"17":{"start":{"line":15,"column":19},"end":{"line":15,"column":54}},"18":{"start":{"line":17,"column":15},"end":{"line":17,"column":33}},"19":{"start":{"line":19,"column":16},"end":{"line":19,"column":48}},"20":{"start":{"line":21,"column":22},"end":{"line":21,"column":48}},"21":{"start":{"line":23,"column":23},"end":{"line":23,"column":62}},"22":{"start":{"line":25,"column":14},"end":{"line":25,"column":31}},"23":{"start":{"line":27,"column":15},"end":{"line":27,"column":46}},"24":{"start":{"line":29,"column":24},"end":{"line":29,"column":53}},"25":{"start":{"line":31,"column":25},"end":{"line":31,"column":66}},"26":{"start":{"line":33,"column":15},"end":{"line":33,"column":41}},"27":{"start":{"line":35,"column":16},"end":{"line":35,"column":48}},"28":{"start":{"line":37,"column":15},"end":{"line":37,"column":45}},"29":{"start":{"line":39,"column":16},"end":{"line":39,"column":48}},"30":{"start":{"line":41,"column":13},"end":{"line":41,"column":41}},"31":{"start":{"line":43,"column":14},"end":{"line":43,"column":44}},"32":{"start":{"line":45,"column":12},"end":{"line":45,"column":39}},"33":{"start":{"line":47,"column":13},"end":{"line":47,"column":42}},"34":{"start":{"line":49,"column":19},"end":{"line":49,"column":46}},"35":{"start":{"line":51,"column":20},"end":{"line":51,"column":56}},"36":{"start":{"line":53,"column":14},"end":{"line":53,"column":36}},"37":{"start":{"line":55,"column":15},"end":{"line":55,"column":46}},"38":{"start":{"line":57,"column":39},"end":{"line":57,"column":93}},"39":{"start":{"line":59,"column":50},"end":{"line":59,"column":151}},"40":{"start":{"line":59,"column":92},"end":{"line":59,"column":149}},"41":{"start":{"line":61,"column":13},"end":{"line":61,"column":41}},"42":{"start":{"line":62,"column":26},"end":{"line":62,"column":67}},"43":{"start":{"line":69,"column":13},"end":{"line":189,"column":3}},"44":{"start":{"line":77,"column":4},"end":{"line":77,"column":34}},"45":{"start":{"line":79,"column":4},"end":{"line":79,"column":40}},"46":{"start":{"line":80,"column":4},"end":{"line":80,"column":24}},"47":{"start":{"line":81,"column":4},"end":{"line":81,"column":14}},"48":{"start":{"line":82,"column":4},"end":{"line":82,"column":15}},"49":{"start":{"line":95,"column":2},"end":{"line":186,"column":6}},"50":{"start":{"line":107,"column":6},"end":{"line":111,"column":9}},"51":{"start":{"line":108,"column":8},"end":{"line":110,"column":11}},"52":{"start":{"line":112,"column":6},"end":{"line":116,"column":9}},"53":{"start":{"line":113,"column":8},"end":{"line":115,"column":11}},"54":{"start":{"line":117,"column":6},"end":{"line":117,"column":40}},"55":{"start":{"line":118,"column":6},"end":{"line":118,"column":51}},"56":{"start":{"line":119,"column":6},"end":{"line":119,"column":27}},"57":{"start":{"line":120,"column":6},"end":{"line":120,"column":57}},"58":{"start":{"line":121,"column":6},"end":{"line":121,"column":53}},"59":{"start":{"line":136,"column":6},"end":{"line":136,"column":32}},"60":{"start":{"line":137,"column":6},"end":{"line":137,"column":29}},"61":{"start":{"line":138,"column":6},"end":{"line":138,"column":37}},"62":{"start":{"line":139,"column":6},"end":{"line":139,"column":48}},"63":{"start":{"line":140,"column":6},"end":{"line":140,"column":48}},"64":{"start":{"line":141,"column":6},"end":{"line":143,"column":10}},"65":{"start":{"line":144,"column":6},"end":{"line":144,"column":52}},"66":{"start":{"line":145,"column":6},"end":{"line":145,"column":119}},"67":{"start":{"line":159,"column":18},"end":{"line":159,"column":22}},"68":{"start":{"line":161,"column":6},"end":{"line":161,"column":48}},"69":{"start":{"line":163,"column":6},"end":{"line":165,"column":9}},"70":{"start":{"line":164,"column":8},"end":{"line":164,"column":46}},"71":{"start":{"line":179,"column":6},"end":{"line":179,"column":23}},"72":{"start":{"line":184,"column":6},"end":{"line":184,"column":32}},"73":{"start":{"line":188,"column":2},"end":{"line":188,"column":16}},"74":{"start":{"line":191,"column":0},"end":{"line":191,"column":25}},"75":{"start":{"line":192,"column":16},"end":{"line":192,"column":32}},"76":{"start":{"line":193,"column":0},"end":{"line":193,"column":30}}},"fnMap":{"0":{"name":"(anonymous_0)","decl":{"start":{"line":8,"column":19},"end":{"line":8,"column":20}},"loc":{"start":{"line":8,"column":31},"end":{"line":8,"column":561}},"line":8},"1":{"name":"defineProperties","decl":{"start":{"line":8,"column":42},"end":{"line":8,"column":58}},"loc":{"start":{"line":8,"column":74},"end":{"line":8,"column":349}},"line":8},"2":{"name":"(anonymous_2)","decl":{"start":{"line":8,"column":357},"end":{"line":8,"column":358}},"loc":{"start":{"line":8,"column":405},"end":{"line":8,"column":558}},"line":8},"3":{"name":"_interopRequireDefault","decl":{"start":{"line":57,"column":9},"end":{"line":57,"column":31}},"loc":{"start":{"line":57,"column":37},"end":{"line":57,"column":95}},"line":57},"4":{"name":"_classCallCheck","decl":{"start":{"line":59,"column":9},"end":{"line":59,"column":24}},"loc":{"start":{"line":59,"column":48},"end":{"line":59,"column":153}},"line":59},"5":{"name":"(anonymous_5)","decl":{"start":{"line":69,"column":13},"end":{"line":69,"column":14}},"loc":{"start":{"line":69,"column":25},"end":{"line":189,"column":1}},"line":69},"6":{"name":"Server","decl":{"start":{"line":76,"column":11},"end":{"line":76,"column":17}},"loc":{"start":{"line":76,"column":26},"end":{"line":83,"column":3}},"line":76},"7":{"name":"api","decl":{"start":{"line":106,"column":20},"end":{"line":106,"column":23}},"loc":{"start":{"line":106,"column":26},"end":{"line":122,"column":5}},"line":106},"8":{"name":"(anonymous_8)","decl":{"start":{"line":107,"column":27},"end":{"line":107,"column":28}},"loc":{"start":{"line":107,"column":47},"end":{"line":111,"column":7}},"line":107},"9":{"name":"(anonymous_9)","decl":{"start":{"line":112,"column":31},"end":{"line":112,"column":32}},"loc":{"start":{"line":112,"column":51},"end":{"line":116,"column":7}},"line":112},"10":{"name":"config","decl":{"start":{"line":135,"column":20},"end":{"line":135,"column":26}},"loc":{"start":{"line":135,"column":35},"end":{"line":146,"column":5}},"line":135},"11":{"name":"db","decl":{"start":{"line":158,"column":20},"end":{"line":158,"column":22}},"loc":{"start":{"line":158,"column":25},"end":{"line":166,"column":5}},"line":158},"12":{"name":"(anonymous_12)","decl":{"start":{"line":163,"column":30},"end":{"line":163,"column":31}},"loc":{"start":{"line":163,"column":42},"end":{"line":165,"column":7}},"line":163},"13":{"name":"close","decl":{"start":{"line":178,"column":20},"end":{"line":178,"column":25}},"loc":{"start":{"line":178,"column":28},"end":{"line":180,"column":5}},"line":178},"14":{"name":"bootstrap","decl":{"start":{"line":183,"column":20},"end":{"line":183,"column":29}},"loc":{"start":{"line":183,"column":38},"end":{"line":185,"column":5}},"line":183}},"branchMap":{"0":{"loc":{"start":{"line":8,"column":168},"end":{"line":8,"column":198}},"type":"binary-expr","locations":[{"start":{"line":8,"column":168},"end":{"line":8,"column":189}},{"start":{"line":8,"column":193},"end":{"line":8,"column":198}}],"line":8},"1":{"loc":{"start":{"line":8,"column":232},"end":{"line":8,"column":286}},"type":"if","locations":[{"start":{"line":8,"column":232},"end":{"line":8,"column":286}},{"start":{"line":8,"column":232},"end":{"line":8,"column":286}}],"line":8},"2":{"loc":{"start":{"line":8,"column":407},"end":{"line":8,"column":475}},"type":"if","locations":[{"start":{"line":8,"column":407},"end":{"line":8,"column":475}},{"start":{"line":8,"column":407},"end":{"line":8,"column":475}}],"line":8},"3":{"loc":{"start":{"line":8,"column":476},"end":{"line":8,"column":536}},"type":"if","locations":[{"start":{"line":8,"column":476},"end":{"line":8,"column":536}},{"start":{"line":8,"column":476},"end":{"line":8,"column":536}}],"line":8},"4":{"loc":{"start":{"line":57,"column":46},"end":{"line":57,"column":92}},"type":"cond-expr","locations":[{"start":{"line":57,"column":70},"end":{"line":57,"column":73}},{"start":{"line":57,"column":76},"end":{"line":57,"column":92}}],"line":57},"5":{"loc":{"start":{"line":57,"column":46},"end":{"line":57,"column":67}},"type":"binary-expr","locations":[{"start":{"line":57,"column":46},"end":{"line":57,"column":49}},{"start":{"line":57,"column":53},"end":{"line":57,"column":67}}],"line":57},"6":{"loc":{"start":{"line":59,"column":50},"end":{"line":59,"column":151}},"type":"if","locations":[{"start":{"line":59,"column":50},"end":{"line":59,"column":151}},{"start":{"line":59,"column":50},"end":{"line":59,"column":151}}],"line":59}},"s":{"0":1,"1":1,"2":1,"3":2,"4":5,"5":5,"6":5,"7":5,"8":5,"9":5,"10":1,"11":1,"12":1,"13":1,"14":1,"15":1,"16":1,"17":1,"18":1,"19":1,"20":1,"21":1,"22":1,"23":1,"24":1,"25":1,"26":1,"27":1,"28":1,"29":1,"30":1,"31":1,"32":1,"33":1,"34":1,"35":1,"36":1,"37":1,"38":11,"39":3,"40":0,"41":1,"42":1,"43":1,"44":3,"45":3,"46":3,"47":3,"48":3,"49":1,"50":3,"51":0,"52":3,"53":0,"54":3,"55":3,"56":3,"57":3,"58":3,"59":3,"60":3,"61":3,"62":3,"63":3,"64":3,"65":3,"66":3,"67":3,"68":3,"69":3,"70":0,"71":0,"72":3,"73":1,"74":1,"75":1,"76":1},"f":{"0":1,"1":2,"2":1,"3":11,"4":3,"5":1,"6":3,"7":3,"8":0,"9":0,"10":3,"11":3,"12":0,"13":0,"14":3},"b":{"0":[5,5],"1":[5,0],"2":[1,0],"3":[1,0],"4":[5,6],"5":[11,11],"6":[0,3]},"_coverageSchema":"43e27e138ebf9cfc5966b082cf9a028302ed4184","hash":"053751ec8cb03bafadee39a5b579b6436f1ca6bb","contentHash":"015ab08bcfb4bcc1acdbeee6581a00fc"},"C:\\dev\\Andela\\bootcamp\\server\\build\\v1\\routes\\parcels.js":{"path":"C:\\dev\\Andela\\bootcamp\\server\\build\\v1\\routes\\parcels.js","statementMap":{"0":{"start":{"line":3,"column":0},"end":{"line":5,"column":3}},"1":{"start":{"line":7,"column":15},"end":{"line":7,"column":33}},"2":{"start":{"line":9,"column":25},"end":{"line":9,"column":68}},"3":{"start":{"line":11,"column":26},"end":{"line":11,"column":68}},"4":{"start":{"line":13,"column":19},"end":{"line":13,"column":44}},"5":{"start":{"line":15,"column":20},"end":{"line":15,"column":56}},"6":{"start":{"line":17,"column":18},"end":{"line":17,"column":54}},"7":{"start":{"line":19,"column":19},"end":{"line":19,"column":54}},"8":{"start":{"line":21,"column":39},"end":{"line":21,"column":93}},"9":{"start":{"line":28,"column":14},"end":{"line":28,"column":43}},"10":{"start":{"line":29,"column":19},"end":{"line":29,"column":53}},"11":{"start":{"line":30,"column":14},"end":{"line":30,"column":43}},"12":{"start":{"line":31,"column":21},"end":{"line":31,"column":57}},"13":{"start":{"line":32,"column":19},"end":{"line":32,"column":59}},"14":{"start":{"line":33,"column":15},"end":{"line":33,"column":51}},"15":{"start":{"line":34,"column":18},"end":{"line":34,"column":57}},"16":{"start":{"line":35,"column":29},"end":{"line":35,"column":79}},"17":{"start":{"line":36,"column":26},"end":{"line":36,"column":73}},"18":{"start":{"line":37,"column":24},"end":{"line":37,"column":69}},"19":{"start":{"line":38,"column":18},"end":{"line":38,"column":57}},"20":{"start":{"line":39,"column":31},"end":{"line":39,"column":76}},"21":{"start":{"line":40,"column":40},"end":{"line":40,"column":94}},"22":{"start":{"line":41,"column":35},"end":{"line":41,"column":84}},"23":{"start":{"line":42,"column":37},"end":{"line":42,"column":88}},"24":{"start":{"line":51,"column":13},"end":{"line":51,"column":35}},"25":{"start":{"line":61,"column":0},"end":{"line":61,"column":39}},"26":{"start":{"line":72,"column":0},"end":{"line":72,"column":59}},"27":{"start":{"line":83,"column":0},"end":{"line":83,"column":62}},"28":{"start":{"line":94,"column":0},"end":{"line":94,"column":113}},"29":{"start":{"line":105,"column":0},"end":{"line":105,"column":98}},"30":{"start":{"line":116,"column":0},"end":{"line":116,"column":111}},"31":{"start":{"line":127,"column":0},"end":{"line":127,"column":56}},"32":{"start":{"line":129,"column":0},"end":{"line":129,"column":25}}},"fnMap":{"0":{"name":"_interopRequireDefault","decl":{"start":{"line":21,"column":9},"end":{"line":21,"column":31}},"loc":{"start":{"line":21,"column":37},"end":{"line":21,"column":95}},"line":21}},"branchMap":{"0":{"loc":{"start":{"line":21,"column":46},"end":{"line":21,"column":92}},"type":"cond-expr","locations":[{"start":{"line":21,"column":70},"end":{"line":21,"column":73}},{"start":{"line":21,"column":76},"end":{"line":21,"column":92}}],"line":21},"1":{"loc":{"start":{"line":21,"column":46},"end":{"line":21,"column":67}},"type":"binary-expr","locations":[{"start":{"line":21,"column":46},"end":{"line":21,"column":49}},{"start":{"line":21,"column":53},"end":{"line":21,"column":67}}],"line":21}},"s":{"0":1,"1":1,"2":1,"3":1,"4":1,"5":1,"6":1,"7":1,"8":3,"9":1,"10":1,"11":1,"12":1,"13":1,"14":1,"15":1,"16":1,"17":1,"18":1,"19":1,"20":1,"21":1,"22":1,"23":1,"24":1,"25":1,"26":1,"27":1,"28":1,"29":1,"30":1,"31":1,"32":1},"f":{"0":3},"b":{"0":[3,0],"1":[3,3]},"_coverageSchema":"43e27e138ebf9cfc5966b082cf9a028302ed4184","hash":"58c60a02e195d44f46e9c46e2b735ef7e9daedf9","contentHash":"0714f448fedadb080ed40ca468316f7b"},"C:\\dev\\Andela\\bootcamp\\server\\build\\v1\\controllers\\ParcelsController.js":{"path":"C:\\dev\\Andela\\bootcamp\\server\\build\\v1\\controllers\\ParcelsController.js","statementMap":{"0":{"start":{"line":3,"column":0},"end":{"line":5,"column":3}},"1":{"start":{"line":7,"column":19},"end":{"line":7,"column":563}},"2":{"start":{"line":7,"column":76},"end":{"line":7,"column":347}},"3":{"start":{"line":7,"column":134},"end":{"line":7,"column":142}},"4":{"start":{"line":7,"column":144},"end":{"line":7,"column":199}},"5":{"start":{"line":7,"column":200},"end":{"line":7,"column":231}},"6":{"start":{"line":7,"column":232},"end":{"line":7,"column":286}},"7":{"start":{"line":7,"column":259},"end":{"line":7,"column":286}},"8":{"start":{"line":7,"column":287},"end":{"line":7,"column":345}},"9":{"start":{"line":7,"column":350},"end":{"line":7,"column":559}},"10":{"start":{"line":7,"column":407},"end":{"line":7,"column":475}},"11":{"start":{"line":7,"column":423},"end":{"line":7,"column":475}},"12":{"start":{"line":7,"column":476},"end":{"line":7,"column":536}},"13":{"start":{"line":7,"column":493},"end":{"line":7,"column":536}},"14":{"start":{"line":7,"column":537},"end":{"line":7,"column":556}},"15":{"start":{"line":9,"column":16},"end":{"line":9,"column":46}},"16":{"start":{"line":11,"column":17},"end":{"line":11,"column":50}},"17":{"start":{"line":13,"column":15},"end":{"line":13,"column":43}},"18":{"start":{"line":15,"column":16},"end":{"line":15,"column":48}},"19":{"start":{"line":17,"column":39},"end":{"line":17,"column":93}},"20":{"start":{"line":19,"column":50},"end":{"line":19,"column":151}},"21":{"start":{"line":19,"column":92},"end":{"line":19,"column":149}},"22":{"start":{"line":21,"column":21},"end":{"line":21,"column":53}},"23":{"start":{"line":22,"column":24},"end":{"line":22,"column":59}},"24":{"start":{"line":23,"column":31},"end":{"line":23,"column":73}},"25":{"start":{"line":24,"column":19},"end":{"line":24,"column":49}},"26":{"start":{"line":26,"column":21},"end":{"line":26,"column":38}},"27":{"start":{"line":27,"column":19},"end":{"line":27,"column":25}},"28":{"start":{"line":28,"column":30},"end":{"line":34,"column":1}},"29":{"start":{"line":29,"column":2},"end":{"line":29,"column":54}},"30":{"start":{"line":29,"column":34},"end":{"line":29,"column":54}},"31":{"start":{"line":30,"column":2},"end":{"line":30,"column":50}},"32":{"start":{"line":30,"column":35},"end":{"line":30,"column":50}},"33":{"start":{"line":31,"column":2},"end":{"line":31,"column":51}},"34":{"start":{"line":31,"column":36},"end":{"line":31,"column":51}},"35":{"start":{"line":32,"column":2},"end":{"line":32,"column":35}},"36":{"start":{"line":32,"column":20},"end":{"line":32,"column":35}},"37":{"start":{"line":33,"column":2},"end":{"line":33,"column":91}},"38":{"start":{"line":40,"column":24},"end":{"line":221,"column":3}},"39":{"start":{"line":42,"column":4},"end":{"line":42,"column":45}},"40":{"start":{"line":45,"column":2},"end":{"line":218,"column":6}},"41":{"start":{"line":58,"column":6},"end":{"line":62,"column":9}},"42":{"start":{"line":59,"column":8},"end":{"line":59,"column":32}},"43":{"start":{"line":61,"column":8},"end":{"line":61,"column":43}},"44":{"start":{"line":79,"column":6},"end":{"line":83,"column":9}},"45":{"start":{"line":80,"column":8},"end":{"line":80,"column":32}},"46":{"start":{"line":82,"column":8},"end":{"line":82,"column":41}},"47":{"start":{"line":100,"column":6},"end":{"line":102,"column":7}},"48":{"start":{"line":101,"column":8},"end":{"line":101,"column":90}},"49":{"start":{"line":103,"column":6},"end":{"line":107,"column":9}},"50":{"start":{"line":104,"column":8},"end":{"line":104,"column":39}},"51":{"start":{"line":106,"column":8},"end":{"line":106,"column":62}},"52":{"start":{"line":123,"column":19},"end":{"line":123,"column":25}},"53":{"start":{"line":124,"column":6},"end":{"line":137,"column":7}},"54":{"start":{"line":125,"column":30},"end":{"line":125,"column":59}},"55":{"start":{"line":127,"column":8},"end":{"line":131,"column":9}},"56":{"start":{"line":128,"column":10},"end":{"line":128,"column":22}},"57":{"start":{"line":130,"column":10},"end":{"line":130,"column":35}},"58":{"start":{"line":132,"column":13},"end":{"line":137,"column":7}},"59":{"start":{"line":134,"column":8},"end":{"line":134,"column":33}},"60":{"start":{"line":136,"column":8},"end":{"line":136,"column":43}},"61":{"start":{"line":139,"column":6},"end":{"line":156,"column":7}},"62":{"start":{"line":140,"column":20},"end":{"line":140,"column":51}},"63":{"start":{"line":141,"column":8},"end":{"line":153,"column":11}},"64":{"start":{"line":150,"column":10},"end":{"line":150,"column":41}},"65":{"start":{"line":152,"column":10},"end":{"line":152,"column":64}},"66":{"start":{"line":155,"column":8},"end":{"line":155,"column":62}},"67":{"start":{"line":172,"column":6},"end":{"line":176,"column":9}},"68":{"start":{"line":173,"column":8},"end":{"line":173,"column":39}},"69":{"start":{"line":175,"column":8},"end":{"line":175,"column":62}},"70":{"start":{"line":192,"column":6},"end":{"line":196,"column":9}},"71":{"start":{"line":193,"column":8},"end":{"line":193,"column":39}},"72":{"start":{"line":195,"column":8},"end":{"line":195,"column":62}},"73":{"start":{"line":212,"column":6},"end":{"line":216,"column":9}},"74":{"start":{"line":213,"column":8},"end":{"line":213,"column":39}},"75":{"start":{"line":215,"column":8},"end":{"line":215,"column":62}},"76":{"start":{"line":220,"column":2},"end":{"line":220,"column":27}},"77":{"start":{"line":223,"column":0},"end":{"line":223,"column":36}}},"fnMap":{"0":{"name":"(anonymous_0)","decl":{"start":{"line":7,"column":19},"end":{"line":7,"column":20}},"loc":{"start":{"line":7,"column":31},"end":{"line":7,"column":561}},"line":7},"1":{"name":"defineProperties","decl":{"start":{"line":7,"column":42},"end":{"line":7,"column":58}},"loc":{"start":{"line":7,"column":74},"end":{"line":7,"column":349}},"line":7},"2":{"name":"(anonymous_2)","decl":{"start":{"line":7,"column":357},"end":{"line":7,"column":358}},"loc":{"start":{"line":7,"column":405},"end":{"line":7,"column":558}},"line":7},"3":{"name":"_interopRequireDefault","decl":{"start":{"line":17,"column":9},"end":{"line":17,"column":31}},"loc":{"start":{"line":17,"column":37},"end":{"line":17,"column":95}},"line":17},"4":{"name":"_classCallCheck","decl":{"start":{"line":19,"column":9},"end":{"line":19,"column":24}},"loc":{"start":{"line":19,"column":48},"end":{"line":19,"column":153}},"line":19},"5":{"name":"getPriceFromWeightRange","decl":{"start":{"line":28,"column":39},"end":{"line":28,"column":62}},"loc":{"start":{"line":28,"column":71},"end":{"line":34,"column":1}},"line":28},"6":{"name":"(anonymous_6)","decl":{"start":{"line":40,"column":24},"end":{"line":40,"column":25}},"loc":{"start":{"line":40,"column":36},"end":{"line":221,"column":1}},"line":40},"7":{"name":"ParcelsController","decl":{"start":{"line":41,"column":11},"end":{"line":41,"column":28}},"loc":{"start":{"line":41,"column":31},"end":{"line":43,"column":3}},"line":41},"8":{"name":"getAllOrders","decl":{"start":{"line":57,"column":20},"end":{"line":57,"column":32}},"loc":{"start":{"line":57,"column":43},"end":{"line":63,"column":5}},"line":57},"9":{"name":"(anonymous_9)","decl":{"start":{"line":58,"column":37},"end":{"line":58,"column":38}},"loc":{"start":{"line":58,"column":55},"end":{"line":60,"column":7}},"line":58},"10":{"name":"(anonymous_10)","decl":{"start":{"line":60,"column":15},"end":{"line":60,"column":16}},"loc":{"start":{"line":60,"column":32},"end":{"line":62,"column":7}},"line":60},"11":{"name":"getOrder","decl":{"start":{"line":78,"column":20},"end":{"line":78,"column":28}},"loc":{"start":{"line":78,"column":39},"end":{"line":84,"column":5}},"line":78},"12":{"name":"(anonymous_12)","decl":{"start":{"line":79,"column":55},"end":{"line":79,"column":56}},"loc":{"start":{"line":79,"column":73},"end":{"line":81,"column":7}},"line":79},"13":{"name":"(anonymous_13)","decl":{"start":{"line":81,"column":15},"end":{"line":81,"column":16}},"loc":{"start":{"line":81,"column":30},"end":{"line":83,"column":7}},"line":81},"14":{"name":"cancelOrder","decl":{"start":{"line":99,"column":20},"end":{"line":99,"column":31}},"loc":{"start":{"line":99,"column":42},"end":{"line":108,"column":5}},"line":99},"15":{"name":"(anonymous_15)","decl":{"start":{"line":103,"column":77},"end":{"line":103,"column":78}},"loc":{"start":{"line":103,"column":102},"end":{"line":105,"column":7}},"line":103},"16":{"name":"(anonymous_16)","decl":{"start":{"line":105,"column":15},"end":{"line":105,"column":16}},"loc":{"start":{"line":105,"column":32},"end":{"line":107,"column":7}},"line":105},"17":{"name":"createOrder","decl":{"start":{"line":122,"column":20},"end":{"line":122,"column":31}},"loc":{"start":{"line":122,"column":42},"end":{"line":157,"column":5}},"line":122},"18":{"name":"(anonymous_18)","decl":{"start":{"line":149,"column":16},"end":{"line":149,"column":17}},"loc":{"start":{"line":149,"column":41},"end":{"line":151,"column":9}},"line":149},"19":{"name":"(anonymous_19)","decl":{"start":{"line":151,"column":17},"end":{"line":151,"column":18}},"loc":{"start":{"line":151,"column":34},"end":{"line":153,"column":9}},"line":151},"20":{"name":"changeOrderDestination","decl":{"start":{"line":171,"column":20},"end":{"line":171,"column":42}},"loc":{"start":{"line":171,"column":53},"end":{"line":177,"column":5}},"line":171},"21":{"name":"(anonymous_21)","decl":{"start":{"line":172,"column":101},"end":{"line":172,"column":102}},"loc":{"start":{"line":172,"column":126},"end":{"line":174,"column":7}},"line":172},"22":{"name":"(anonymous_22)","decl":{"start":{"line":174,"column":15},"end":{"line":174,"column":16}},"loc":{"start":{"line":174,"column":32},"end":{"line":176,"column":7}},"line":174},"23":{"name":"updateOrderStatus","decl":{"start":{"line":191,"column":20},"end":{"line":191,"column":37}},"loc":{"start":{"line":191,"column":48},"end":{"line":197,"column":5}},"line":191},"24":{"name":"(anonymous_24)","decl":{"start":{"line":192,"column":91},"end":{"line":192,"column":92}},"loc":{"start":{"line":192,"column":116},"end":{"line":194,"column":7}},"line":192},"25":{"name":"(anonymous_25)","decl":{"start":{"line":194,"column":15},"end":{"line":194,"column":16}},"loc":{"start":{"line":194,"column":32},"end":{"line":196,"column":7}},"line":194},"26":{"name":"updateOrderLocation","decl":{"start":{"line":211,"column":20},"end":{"line":211,"column":39}},"loc":{"start":{"line":211,"column":50},"end":{"line":217,"column":5}},"line":211},"27":{"name":"(anonymous_27)","decl":{"start":{"line":212,"column":109},"end":{"line":212,"column":110}},"loc":{"start":{"line":212,"column":134},"end":{"line":214,"column":7}},"line":212},"28":{"name":"(anonymous_28)","decl":{"start":{"line":214,"column":15},"end":{"line":214,"column":16}},"loc":{"start":{"line":214,"column":32},"end":{"line":216,"column":7}},"line":214}},"branchMap":{"0":{"loc":{"start":{"line":7,"column":168},"end":{"line":7,"column":198}},"type":"binary-expr","locations":[{"start":{"line":7,"column":168},"end":{"line":7,"column":189}},{"start":{"line":7,"column":193},"end":{"line":7,"column":198}}],"line":7},"1":{"loc":{"start":{"line":7,"column":232},"end":{"line":7,"column":286}},"type":"if","locations":[{"start":{"line":7,"column":232},"end":{"line":7,"column":286}},{"start":{"line":7,"column":232},"end":{"line":7,"column":286}}],"line":7},"2":{"loc":{"start":{"line":7,"column":407},"end":{"line":7,"column":475}},"type":"if","locations":[{"start":{"line":7,"column":407},"end":{"line":7,"column":475}},{"start":{"line":7,"column":407},"end":{"line":7,"column":475}}],"line":7},"3":{"loc":{"start":{"line":7,"column":476},"end":{"line":7,"column":536}},"type":"if","locations":[{"start":{"line":7,"column":476},"end":{"line":7,"column":536}},{"start":{"line":7,"column":476},"end":{"line":7,"column":536}}],"line":7},"4":{"loc":{"start":{"line":17,"column":46},"end":{"line":17,"column":92}},"type":"cond-expr","locations":[{"start":{"line":17,"column":70},"end":{"line":17,"column":73}},{"start":{"line":17,"column":76},"end":{"line":17,"column":92}}],"line":17},"5":{"loc":{"start":{"line":17,"column":46},"end":{"line":17,"column":67}},"type":"binary-expr","locations":[{"start":{"line":17,"column":46},"end":{"line":17,"column":49}},{"start":{"line":17,"column":53},"end":{"line":17,"column":67}}],"line":17},"6":{"loc":{"start":{"line":19,"column":50},"end":{"line":19,"column":151}},"type":"if","locations":[{"start":{"line":19,"column":50},"end":{"line":19,"column":151}},{"start":{"line":19,"column":50},"end":{"line":19,"column":151}}],"line":19},"7":{"loc":{"start":{"line":29,"column":2},"end":{"line":29,"column":54}},"type":"if","locations":[{"start":{"line":29,"column":2},"end":{"line":29,"column":54}},{"start":{"line":29,"column":2},"end":{"line":29,"column":54}}],"line":29},"8":{"loc":{"start":{"line":29,"column":6},"end":{"line":29,"column":32}},"type":"binary-expr","locations":[{"start":{"line":29,"column":6},"end":{"line":29,"column":17}},{"start":{"line":29,"column":21},"end":{"line":29,"column":32}}],"line":29},"9":{"loc":{"start":{"line":30,"column":2},"end":{"line":30,"column":50}},"type":"if","locations":[{"start":{"line":30,"column":2},"end":{"line":30,"column":50}},{"start":{"line":30,"column":2},"end":{"line":30,"column":50}}],"line":30},"10":{"loc":{"start":{"line":30,"column":6},"end":{"line":30,"column":33}},"type":"binary-expr","locations":[{"start":{"line":30,"column":6},"end":{"line":30,"column":17}},{"start":{"line":30,"column":21},"end":{"line":30,"column":33}}],"line":30},"11":{"loc":{"start":{"line":31,"column":2},"end":{"line":31,"column":51}},"type":"if","locations":[{"start":{"line":31,"column":2},"end":{"line":31,"column":51}},{"start":{"line":31,"column":2},"end":{"line":31,"column":51}}],"line":31},"12":{"loc":{"start":{"line":31,"column":6},"end":{"line":31,"column":34}},"type":"binary-expr","locations":[{"start":{"line":31,"column":6},"end":{"line":31,"column":18}},{"start":{"line":31,"column":22},"end":{"line":31,"column":34}}],"line":31},"13":{"loc":{"start":{"line":32,"column":2},"end":{"line":32,"column":35}},"type":"if","locations":[{"start":{"line":32,"column":2},"end":{"line":32,"column":35}},{"start":{"line":32,"column":2},"end":{"line":32,"column":35}}],"line":32},"14":{"loc":{"start":{"line":100,"column":6},"end":{"line":102,"column":7}},"type":"if","locations":[{"start":{"line":100,"column":6},"end":{"line":102,"column":7}},{"start":{"line":100,"column":6},"end":{"line":102,"column":7}}],"line":100},"15":{"loc":{"start":{"line":124,"column":6},"end":{"line":137,"column":7}},"type":"if","locations":[{"start":{"line":124,"column":6},"end":{"line":137,"column":7}},{"start":{"line":124,"column":6},"end":{"line":137,"column":7}}],"line":124},"16":{"loc":{"start":{"line":127,"column":8},"end":{"line":131,"column":9}},"type":"if","locations":[{"start":{"line":127,"column":8},"end":{"line":131,"column":9}},{"start":{"line":127,"column":8},"end":{"line":131,"column":9}}],"line":127},"17":{"loc":{"start":{"line":132,"column":13},"end":{"line":137,"column":7}},"type":"if","locations":[{"start":{"line":132,"column":13},"end":{"line":137,"column":7}},{"start":{"line":132,"column":13},"end":{"line":137,"column":7}}],"line":132},"18":{"loc":{"start":{"line":136,"column":17},"end":{"line":136,"column":42}},"type":"cond-expr","locations":[{"start":{"line":136,"column":35},"end":{"line":136,"column":37}},{"start":{"line":136,"column":40},"end":{"line":136,"column":42}}],"line":136}},"s":{"0":1,"1":1,"2":1,"3":7,"4":7,"5":7,"6":7,"7":7,"8":7,"9":1,"10":1,"11":0,"12":1,"13":1,"14":1,"15":1,"16":1,"17":1,"18":1,"19":2,"20":0,"21":0,"22":1,"23":1,"24":1,"25":1,"26":1,"27":1,"28":1,"29":10,"30":7,"31":3,"32":0,"33":3,"34":1,"35":2,"36":1,"37":1,"38":1,"39":0,"40":1,"41":1,"42":1,"43":0,"44":1,"45":1,"46":0,"47":1,"48":0,"49":1,"50":1,"51":0,"52":10,"53":10,"54":1,"55":1,"56":0,"57":1,"58":9,"59":1,"60":8,"61":10,"62":10,"63":9,"64":9,"65":0,"66":1,"67":1,"68":1,"69":0,"70":1,"71":1,"72":0,"73":1,"74":1,"75":0,"76":1,"77":1},"f":{"0":1,"1":1,"2":1,"3":2,"4":0,"5":10,"6":1,"7":0,"8":1,"9":1,"10":0,"11":1,"12":1,"13":0,"14":1,"15":1,"16":0,"17":10,"18":9,"19":0,"20":1,"21":1,"22":0,"23":1,"24":1,"25":0,"26":1,"27":1,"28":0},"b":{"0":[7,7],"1":[7,0],"2":[0,1],"3":[1,0],"4":[2,0],"5":[2,2],"6":[0,0],"7":[7,3],"8":[10,9],"9":[0,3],"10":[3,2],"11":[1,2],"12":[3,2],"13":[1,1],"14":[0,1],"15":[1,9],"16":[0,1],"17":[1,8],"18":[1,7]},"_coverageSchema":"43e27e138ebf9cfc5966b082cf9a028302ed4184","hash":"7093874da4698141aca472b10faf8ba4a5a252e0","contentHash":"ea1a82d8136d27b7df627dfea04738a2"},"C:\\dev\\Andela\\bootcamp\\server\\build\\v1\\helpers\\statuses.js":{"path":"C:\\dev\\Andela\\bootcamp\\server\\build\\v1\\helpers\\statuses.js","statementMap":{"0":{"start":{"line":3,"column":0},"end":{"line":5,"column":3}},"1":{"start":{"line":6,"column":15},"end":{"line":23,"column":1}},"2":{"start":{"line":25,"column":0},"end":{"line":25,"column":27}}},"fnMap":{},"branchMap":{},"s":{"0":1,"1":1,"2":1},"f":{},"b":{},"_coverageSchema":"43e27e138ebf9cfc5966b082cf9a028302ed4184","hash":"acba1af726a74d29afb986d24f90372b00bd7774","contentHash":"5af27a9aa37e06a5505864f1b29726c8"},"C:\\dev\\Andela\\bootcamp\\server\\build\\v1\\models\\helpers.js":{"path":"C:\\dev\\Andela\\bootcamp\\server\\build\\v1\\models\\helpers.js","statementMap":{"0":{"start":{"line":3,"column":0},"end":{"line":5,"column":3}},"1":{"start":{"line":7,"column":19},"end":{"line":7,"column":563}},"2":{"start":{"line":7,"column":76},"end":{"line":7,"column":347}},"3":{"start":{"line":7,"column":134},"end":{"line":7,"column":142}},"4":{"start":{"line":7,"column":144},"end":{"line":7,"column":199}},"5":{"start":{"line":7,"column":200},"end":{"line":7,"column":231}},"6":{"start":{"line":7,"column":232},"end":{"line":7,"column":286}},"7":{"start":{"line":7,"column":259},"end":{"line":7,"column":286}},"8":{"start":{"line":7,"column":287},"end":{"line":7,"column":345}},"9":{"start":{"line":7,"column":350},"end":{"line":7,"column":559}},"10":{"start":{"line":7,"column":407},"end":{"line":7,"column":475}},"11":{"start":{"line":7,"column":423},"end":{"line":7,"column":475}},"12":{"start":{"line":7,"column":476},"end":{"line":7,"column":536}},"13":{"start":{"line":7,"column":493},"end":{"line":7,"column":536}},"14":{"start":{"line":7,"column":537},"end":{"line":7,"column":556}},"15":{"start":{"line":9,"column":9},"end":{"line":9,"column":27}},"16":{"start":{"line":11,"column":10},"end":{"line":11,"column":36}},"17":{"start":{"line":13,"column":8},"end":{"line":13,"column":20}},"18":{"start":{"line":15,"column":9},"end":{"line":15,"column":34}},"19":{"start":{"line":17,"column":39},"end":{"line":17,"column":93}},"20":{"start":{"line":19,"column":50},"end":{"line":19,"column":151}},"21":{"start":{"line":19,"column":92},"end":{"line":19,"column":149}},"22":{"start":{"line":27,"column":24},"end":{"line":31,"column":1}},"23":{"start":{"line":28,"column":20},"end":{"line":28,"column":53}},"24":{"start":{"line":29,"column":17},"end":{"line":29,"column":58}},"25":{"start":{"line":30,"column":2},"end":{"line":30,"column":47}},"26":{"start":{"line":40,"column":15},"end":{"line":274,"column":3}},"27":{"start":{"line":42,"column":4},"end":{"line":42,"column":36}},"28":{"start":{"line":45,"column":2},"end":{"line":271,"column":6}},"29":{"start":{"line":55,"column":17},"end":{"line":55,"column":204}},"30":{"start":{"line":56,"column":19},"end":{"line":56,"column":148}},"31":{"start":{"line":58,"column":6},"end":{"line":72,"column":7}},"32":{"start":{"line":59,"column":19},"end":{"line":59,"column":55}},"33":{"start":{"line":60,"column":19},"end":{"line":60,"column":28}},"34":{"start":{"line":65,"column":8},"end":{"line":65,"column":23}},"35":{"start":{"line":71,"column":8},"end":{"line":71,"column":39}},"36":{"start":{"line":85,"column":17},"end":{"line":85,"column":247}},"37":{"start":{"line":86,"column":19},"end":{"line":86,"column":207}},"38":{"start":{"line":88,"column":6},"end":{"line":98,"column":7}},"39":{"start":{"line":89,"column":20},"end":{"line":89,"column":56}},"40":{"start":{"line":90,"column":19},"end":{"line":90,"column":29}},"41":{"start":{"line":94,"column":8},"end":{"line":94,"column":23}},"42":{"start":{"line":97,"column":8},"end":{"line":97,"column":31}},"43":{"start":{"line":111,"column":25},"end":{"line":111,"column":53}},"44":{"start":{"line":112,"column":6},"end":{"line":123,"column":7}},"45":{"start":{"line":114,"column":20},"end":{"line":114,"column":56}},"46":{"start":{"line":115,"column":19},"end":{"line":115,"column":29}},"47":{"start":{"line":119,"column":8},"end":{"line":119,"column":20}},"48":{"start":{"line":122,"column":8},"end":{"line":122,"column":31}},"49":{"start":{"line":137,"column":17},"end":{"line":137,"column":64}},"50":{"start":{"line":138,"column":6},"end":{"line":153,"column":7}},"51":{"start":{"line":139,"column":20},"end":{"line":139,"column":54}},"52":{"start":{"line":140,"column":19},"end":{"line":140,"column":29}},"53":{"start":{"line":144,"column":8},"end":{"line":147,"column":9}},"54":{"start":{"line":146,"column":10},"end":{"line":146,"column":71}},"55":{"start":{"line":149,"column":8},"end":{"line":149,"column":23}},"56":{"start":{"line":152,"column":8},"end":{"line":152,"column":31}},"57":{"start":{"line":168,"column":17},"end":{"line":168,"column":67}},"58":{"start":{"line":169,"column":6},"end":{"line":184,"column":7}},"59":{"start":{"line":170,"column":20},"end":{"line":170,"column":57}},"60":{"start":{"line":171,"column":19},"end":{"line":171,"column":29}},"61":{"start":{"line":175,"column":8},"end":{"line":178,"column":9}},"62":{"start":{"line":177,"column":10},"end":{"line":177,"column":71}},"63":{"start":{"line":180,"column":8},"end":{"line":180,"column":23}},"64":{"start":{"line":183,"column":8},"end":{"line":183,"column":31}},"65":{"start":{"line":197,"column":6},"end":{"line":206,"column":7}},"66":{"start":{"line":198,"column":20},"end":{"line":198,"column":59}},"67":{"start":{"line":200,"column":20},"end":{"line":200,"column":59}},"68":{"start":{"line":201,"column":19},"end":{"line":201,"column":29}},"69":{"start":{"line":203,"column":8},"end":{"line":203,"column":20}},"70":{"start":{"line":205,"column":8},"end":{"line":205,"column":61}},"71":{"start":{"line":221,"column":17},"end":{"line":221,"column":41}},"72":{"start":{"line":222,"column":6},"end":{"line":222,"column":89}},"73":{"start":{"line":222,"column":38},"end":{"line":222,"column":89}},"74":{"start":{"line":223,"column":18},"end":{"line":223,"column":25}},"75":{"start":{"line":224,"column":25},"end":{"line":224,"column":70}},"76":{"start":{"line":225,"column":27},"end":{"line":225,"column":133}},"77":{"start":{"line":226,"column":6},"end":{"line":241,"column":7}},"78":{"start":{"line":227,"column":20},"end":{"line":227,"column":62}},"79":{"start":{"line":228,"column":19},"end":{"line":228,"column":29}},"80":{"start":{"line":230,"column":8},"end":{"line":233,"column":9}},"81":{"start":{"line":232,"column":10},"end":{"line":232,"column":71}},"82":{"start":{"line":234,"column":21},"end":{"line":234,"column":59}},"83":{"start":{"line":235,"column":23},"end":{"line":235,"column":69}},"84":{"start":{"line":237,"column":8},"end":{"line":237,"column":32}},"85":{"start":{"line":240,"column":8},"end":{"line":240,"column":29}},"86":{"start":{"line":255,"column":24},"end":{"line":255,"column":64}},"87":{"start":{"line":256,"column":6},"end":{"line":269,"column":7}},"88":{"start":{"line":257,"column":20},"end":{"line":257,"column":72}},"89":{"start":{"line":258,"column":19},"end":{"line":258,"column":29}},"90":{"start":{"line":260,"column":8},"end":{"line":263,"column":9}},"91":{"start":{"line":262,"column":10},"end":{"line":262,"column":71}},"92":{"start":{"line":265,"column":8},"end":{"line":265,"column":45}},"93":{"start":{"line":268,"column":8},"end":{"line":268,"column":31}},"94":{"start":{"line":273,"column":2},"end":{"line":273,"column":18}},"95":{"start":{"line":289,"column":0},"end":{"line":289,"column":27}}},"fnMap":{"0":{"name":"(anonymous_0)","decl":{"start":{"line":7,"column":19},"end":{"line":7,"column":20}},"loc":{"start":{"line":7,"column":31},"end":{"line":7,"column":561}},"line":7},"1":{"name":"defineProperties","decl":{"start":{"line":7,"column":42},"end":{"line":7,"column":58}},"loc":{"start":{"line":7,"column":74},"end":{"line":7,"column":349}},"line":7},"2":{"name":"(anonymous_2)","decl":{"start":{"line":7,"column":357},"end":{"line":7,"column":358}},"loc":{"start":{"line":7,"column":405},"end":{"line":7,"column":558}},"line":7},"3":{"name":"_interopRequireDefault","decl":{"start":{"line":17,"column":9},"end":{"line":17,"column":31}},"loc":{"start":{"line":17,"column":37},"end":{"line":17,"column":95}},"line":17},"4":{"name":"_classCallCheck","decl":{"start":{"line":19,"column":9},"end":{"line":19,"column":24}},"loc":{"start":{"line":19,"column":48},"end":{"line":19,"column":153}},"line":19},"5":{"name":"singularTableName","decl":{"start":{"line":27,"column":33},"end":{"line":27,"column":50}},"loc":{"start":{"line":27,"column":62},"end":{"line":31,"column":1}},"line":27},"6":{"name":"(anonymous_6)","decl":{"start":{"line":40,"column":15},"end":{"line":40,"column":16}},"loc":{"start":{"line":40,"column":27},"end":{"line":274,"column":1}},"line":40},"7":{"name":"DBHelper","decl":{"start":{"line":41,"column":11},"end":{"line":41,"column":19}},"loc":{"start":{"line":41,"column":22},"end":{"line":43,"column":3}},"line":41},"8":{"name":"createUser","decl":{"start":{"line":54,"column":26},"end":{"line":54,"column":36}},"loc":{"start":{"line":54,"column":49},"end":{"line":73,"column":5}},"line":54},"9":{"name":"createParcel","decl":{"start":{"line":84,"column":26},"end":{"line":84,"column":38}},"loc":{"start":{"line":84,"column":53},"end":{"line":99,"column":5}},"line":84},"10":{"name":"findAllInTable","decl":{"start":{"line":110,"column":26},"end":{"line":110,"column":40}},"loc":{"start":{"line":110,"column":52},"end":{"line":124,"column":5}},"line":110},"11":{"name":"findByIdFromTable","decl":{"start":{"line":136,"column":26},"end":{"line":136,"column":43}},"loc":{"start":{"line":136,"column":59},"end":{"line":154,"column":5}},"line":136},"12":{"name":"findByEmailFromTable","decl":{"start":{"line":167,"column":26},"end":{"line":167,"column":46}},"loc":{"start":{"line":167,"column":65},"end":{"line":185,"column":5}},"line":167},"13":{"name":"getParcelsByUserId","decl":{"start":{"line":196,"column":26},"end":{"line":196,"column":44}},"loc":{"start":{"line":196,"column":53},"end":{"line":207,"column":5}},"line":196},"14":{"name":"updateSingleFieldInTable","decl":{"start":{"line":220,"column":26},"end":{"line":220,"column":50}},"loc":{"start":{"line":220,"column":79},"end":{"line":242,"column":5}},"line":220},"15":{"name":"deleteFromTableById","decl":{"start":{"line":254,"column":26},"end":{"line":254,"column":45}},"loc":{"start":{"line":254,"column":61},"end":{"line":270,"column":5}},"line":254}},"branchMap":{"0":{"loc":{"start":{"line":7,"column":168},"end":{"line":7,"column":198}},"type":"binary-expr","locations":[{"start":{"line":7,"column":168},"end":{"line":7,"column":189}},{"start":{"line":7,"column":193},"end":{"line":7,"column":198}}],"line":7},"1":{"loc":{"start":{"line":7,"column":232},"end":{"line":7,"column":286}},"type":"if","locations":[{"start":{"line":7,"column":232},"end":{"line":7,"column":286}},{"start":{"line":7,"column":232},"end":{"line":7,"column":286}}],"line":7},"2":{"loc":{"start":{"line":7,"column":407},"end":{"line":7,"column":475}},"type":"if","locations":[{"start":{"line":7,"column":407},"end":{"line":7,"column":475}},{"start":{"line":7,"column":407},"end":{"line":7,"column":475}}],"line":7},"3":{"loc":{"start":{"line":7,"column":476},"end":{"line":7,"column":536}},"type":"if","locations":[{"start":{"line":7,"column":476},"end":{"line":7,"column":536}},{"start":{"line":7,"column":476},"end":{"line":7,"column":536}}],"line":7},"4":{"loc":{"start":{"line":17,"column":46},"end":{"line":17,"column":92}},"type":"cond-expr","locations":[{"start":{"line":17,"column":70},"end":{"line":17,"column":73}},{"start":{"line":17,"column":76},"end":{"line":17,"column":92}}],"line":17},"5":{"loc":{"start":{"line":17,"column":46},"end":{"line":17,"column":67}},"type":"binary-expr","locations":[{"start":{"line":17,"column":46},"end":{"line":17,"column":49}},{"start":{"line":17,"column":53},"end":{"line":17,"column":67}}],"line":17},"6":{"loc":{"start":{"line":19,"column":50},"end":{"line":19,"column":151}},"type":"if","locations":[{"start":{"line":19,"column":50},"end":{"line":19,"column":151}},{"start":{"line":19,"column":50},"end":{"line":19,"column":151}}],"line":19},"7":{"loc":{"start":{"line":56,"column":122},"end":{"line":56,"column":147}},"type":"binary-expr","locations":[{"start":{"line":56,"column":122},"end":{"line":56,"column":138}},{"start":{"line":56,"column":142},"end":{"line":56,"column":147}}],"line":56},"8":{"loc":{"start":{"line":144,"column":8},"end":{"line":147,"column":9}},"type":"if","locations":[{"start":{"line":144,"column":8},"end":{"line":147,"column":9}},{"start":{"line":144,"column":8},"end":{"line":147,"column":9}}],"line":144},"9":{"loc":{"start":{"line":175,"column":8},"end":{"line":178,"column":9}},"type":"if","locations":[{"start":{"line":175,"column":8},"end":{"line":178,"column":9}},{"start":{"line":175,"column":8},"end":{"line":178,"column":9}}],"line":175},"10":{"loc":{"start":{"line":205,"column":24},"end":{"line":205,"column":59}},"type":"binary-expr","locations":[{"start":{"line":205,"column":24},"end":{"line":205,"column":37}},{"start":{"line":205,"column":41},"end":{"line":205,"column":59}}],"line":205},"11":{"loc":{"start":{"line":222,"column":6},"end":{"line":222,"column":89}},"type":"if","locations":[{"start":{"line":222,"column":6},"end":{"line":222,"column":89}},{"start":{"line":222,"column":6},"end":{"line":222,"column":89}}],"line":222},"12":{"loc":{"start":{"line":222,"column":10},"end":{"line":222,"column":36}},"type":"binary-expr","locations":[{"start":{"line":222,"column":10},"end":{"line":222,"column":15}},{"start":{"line":222,"column":19},"end":{"line":222,"column":36}}],"line":222},"13":{"loc":{"start":{"line":230,"column":8},"end":{"line":233,"column":9}},"type":"if","locations":[{"start":{"line":230,"column":8},"end":{"line":233,"column":9}},{"start":{"line":230,"column":8},"end":{"line":233,"column":9}}],"line":230},"14":{"loc":{"start":{"line":234,"column":42},"end":{"line":234,"column":58}},"type":"binary-expr","locations":[{"start":{"line":234,"column":42},"end":{"line":234,"column":44}},{"start":{"line":234,"column":48},"end":{"line":234,"column":58}}],"line":234},"15":{"loc":{"start":{"line":260,"column":8},"end":{"line":263,"column":9}},"type":"if","locations":[{"start":{"line":260,"column":8},"end":{"line":263,"column":9}},{"start":{"line":260,"column":8},"end":{"line":263,"column":9}}],"line":260}},"s":{"0":1,"1":1,"2":1,"3":8,"4":8,"5":8,"6":8,"7":8,"8":8,"9":1,"10":1,"11":0,"12":1,"13":1,"14":1,"15":1,"16":1,"17":1,"18":1,"19":2,"20":0,"21":0,"22":1,"23":1,"24":1,"25":1,"26":1,"27":0,"28":1,"29":10,"30":10,"31":10,"32":10,"33":10,"34":10,"35":0,"36":9,"37":9,"38":9,"39":9,"40":9,"41":9,"42":0,"43":2,"44":2,"45":2,"46":2,"47":2,"48":0,"49":13,"50":13,"51":13,"52":11,"53":11,"54":0,"55":11,"56":2,"57":2,"58":2,"59":2,"60":2,"61":2,"62":1,"63":1,"64":1,"65":4,"66":4,"67":4,"68":3,"69":3,"70":1,"71":4,"72":4,"73":0,"74":4,"75":4,"76":4,"77":4,"78":4,"79":4,"80":4,"81":0,"82":4,"83":4,"84":4,"85":0,"86":0,"87":0,"88":0,"89":0,"90":0,"91":0,"92":0,"93":0,"94":1,"95":1},"f":{"0":1,"1":1,"2":1,"3":2,"4":0,"5":1,"6":1,"7":0,"8":10,"9":9,"10":2,"11":13,"12":2,"13":4,"14":4,"15":0},"b":{"0":[8,8],"1":[8,0],"2":[0,1],"3":[1,0],"4":[1,1],"5":[2,2],"6":[0,0],"7":[10,10],"8":[0,11],"9":[1,1],"10":[1,0],"11":[0,4],"12":[4,4],"13":[0,4],"14":[4,0],"15":[0,0]},"_coverageSchema":"43e27e138ebf9cfc5966b082cf9a028302ed4184","hash":"92d4f11cd8ce5366a5d738261f68d85a80f49b6a","contentHash":"13f1b45b6c9ed8f310c65779a3a57c56"},"C:\\dev\\Andela\\bootcamp\\server\\build\\v1\\models\\index.js":{"path":"C:\\dev\\Andela\\bootcamp\\server\\build\\v1\\models\\index.js","statementMap":{"0":{"start":{"line":3,"column":0},"end":{"line":5,"column":3}},"1":{"start":{"line":6,"column":0},"end":{"line":6,"column":25}},"2":{"start":{"line":8,"column":10},"end":{"line":8,"column":23}},"3":{"start":{"line":10,"column":14},"end":{"line":10,"column":31}},"4":{"start":{"line":12,"column":15},"end":{"line":12,"column":46}},"5":{"start":{"line":14,"column":39},"end":{"line":14,"column":93}},"6":{"start":{"line":16,"column":0},"end":{"line":16,"column":26}},"7":{"start":{"line":23,"column":18},"end":{"line":39,"column":1}},"8":{"start":{"line":24,"column":16},"end":{"line":30,"column":3}},"9":{"start":{"line":32,"column":2},"end":{"line":32,"column":89}},"10":{"start":{"line":32,"column":32},"end":{"line":32,"column":89}},"11":{"start":{"line":35,"column":2},"end":{"line":35,"column":83}},"12":{"start":{"line":35,"column":39},"end":{"line":35,"column":83}},"13":{"start":{"line":38,"column":2},"end":{"line":38,"column":31}},"14":{"start":{"line":41,"column":12},"end":{"line":41,"column":25}},"15":{"start":{"line":43,"column":0},"end":{"line":43,"column":21}},"16":{"start":{"line":44,"column":9},"end":{"line":79,"column":1}},"17":{"start":{"line":52,"column":4},"end":{"line":58,"column":7}},"18":{"start":{"line":53,"column":6},"end":{"line":57,"column":9}},"19":{"start":{"line":54,"column":8},"end":{"line":54,"column":21}},"20":{"start":{"line":56,"column":8},"end":{"line":56,"column":20}},"21":{"start":{"line":68,"column":4},"end":{"line":68,"column":17}},"22":{"start":{"line":77,"column":4},"end":{"line":77,"column":25}},"23":{"start":{"line":81,"column":0},"end":{"line":81,"column":21}}},"fnMap":{"0":{"name":"_interopRequireDefault","decl":{"start":{"line":14,"column":9},"end":{"line":14,"column":31}},"loc":{"start":{"line":14,"column":37},"end":{"line":14,"column":95}},"line":14},"1":{"name":"_createPool","decl":{"start":{"line":23,"column":27},"end":{"line":23,"column":38}},"loc":{"start":{"line":23,"column":41},"end":{"line":39,"column":1}},"line":23},"2":{"name":"query","decl":{"start":{"line":51,"column":18},"end":{"line":51,"column":23}},"loc":{"start":{"line":51,"column":38},"end":{"line":59,"column":3}},"line":51},"3":{"name":"(anonymous_3)","decl":{"start":{"line":52,"column":23},"end":{"line":52,"column":24}},"loc":{"start":{"line":52,"column":50},"end":{"line":58,"column":5}},"line":52},"4":{"name":"(anonymous_4)","decl":{"start":{"line":53,"column":37},"end":{"line":53,"column":38}},"loc":{"start":{"line":53,"column":52},"end":{"line":55,"column":7}},"line":53},"5":{"name":"(anonymous_5)","decl":{"start":{"line":55,"column":15},"end":{"line":55,"column":16}},"loc":{"start":{"line":55,"column":30},"end":{"line":57,"column":7}},"line":55},"6":{"name":"pool","decl":{"start":{"line":67,"column":17},"end":{"line":67,"column":21}},"loc":{"start":{"line":67,"column":24},"end":{"line":69,"column":3}},"line":67},"7":{"name":"createPool","decl":{"start":{"line":76,"column":23},"end":{"line":76,"column":33}},"loc":{"start":{"line":76,"column":36},"end":{"line":78,"column":3}},"line":76}},"branchMap":{"0":{"loc":{"start":{"line":14,"column":46},"end":{"line":14,"column":92}},"type":"cond-expr","locations":[{"start":{"line":14,"column":70},"end":{"line":14,"column":73}},{"start":{"line":14,"column":76},"end":{"line":14,"column":92}}],"line":14},"1":{"loc":{"start":{"line":14,"column":46},"end":{"line":14,"column":67}},"type":"binary-expr","locations":[{"start":{"line":14,"column":46},"end":{"line":14,"column":49}},{"start":{"line":14,"column":53},"end":{"line":14,"column":67}}],"line":14},"2":{"loc":{"start":{"line":32,"column":2},"end":{"line":32,"column":89}},"type":"if","locations":[{"start":{"line":32,"column":2},"end":{"line":32,"column":89}},{"start":{"line":32,"column":2},"end":{"line":32,"column":89}}],"line":32},"3":{"loc":{"start":{"line":35,"column":2},"end":{"line":35,"column":83}},"type":"if","locations":[{"start":{"line":35,"column":2},"end":{"line":35,"column":83}},{"start":{"line":35,"column":2},"end":{"line":35,"column":83}}],"line":35}},"s":{"0":1,"1":1,"2":1,"3":1,"4":1,"5":1,"6":1,"7":1,"8":4,"9":4,"10":0,"11":4,"12":3,"13":4,"14":1,"15":1,"16":1,"17":48,"18":48,"19":45,"20":3,"21":0,"22":3,"23":1},"f":{"0":1,"1":4,"2":48,"3":48,"4":45,"5":3,"6":0,"7":3},"b":{"0":[0,1],"1":[1,1],"2":[0,4],"3":[3,1]},"_coverageSchema":"43e27e138ebf9cfc5966b082cf9a028302ed4184","hash":"be86f83f9ebecb7e15843c1dd75ba579bd67a095","contentHash":"ef42f4d7c51547176cf650b2454597cf"},"C:\\dev\\Andela\\bootcamp\\server\\build\\v1\\middlewares\\index.js":{"path":"C:\\dev\\Andela\\bootcamp\\server\\build\\v1\\middlewares\\index.js","statementMap":{"0":{"start":{"line":3,"column":0},"end":{"line":5,"column":3}},"1":{"start":{"line":7,"column":19},"end":{"line":7,"column":563}},"2":{"start":{"line":7,"column":76},"end":{"line":7,"column":347}},"3":{"start":{"line":7,"column":134},"end":{"line":7,"column":142}},"4":{"start":{"line":7,"column":144},"end":{"line":7,"column":199}},"5":{"start":{"line":7,"column":200},"end":{"line":7,"column":231}},"6":{"start":{"line":7,"column":232},"end":{"line":7,"column":286}},"7":{"start":{"line":7,"column":259},"end":{"line":7,"column":286}},"8":{"start":{"line":7,"column":287},"end":{"line":7,"column":345}},"9":{"start":{"line":7,"column":350},"end":{"line":7,"column":559}},"10":{"start":{"line":7,"column":407},"end":{"line":7,"column":475}},"11":{"start":{"line":7,"column":423},"end":{"line":7,"column":475}},"12":{"start":{"line":7,"column":476},"end":{"line":7,"column":536}},"13":{"start":{"line":7,"column":493},"end":{"line":7,"column":536}},"14":{"start":{"line":7,"column":537},"end":{"line":7,"column":556}},"15":{"start":{"line":9,"column":20},"end":{"line":9,"column":43}},"16":{"start":{"line":11,"column":21},"end":{"line":11,"column":58}},"17":{"start":{"line":13,"column":15},"end":{"line":13,"column":43}},"18":{"start":{"line":15,"column":16},"end":{"line":15,"column":48}},"19":{"start":{"line":17,"column":39},"end":{"line":17,"column":93}},"20":{"start":{"line":19,"column":50},"end":{"line":19,"column":151}},"21":{"start":{"line":19,"column":92},"end":{"line":19,"column":149}},"22":{"start":{"line":22,"column":17},"end":{"line":171,"column":3}},"23":{"start":{"line":24,"column":4},"end":{"line":24,"column":38}},"24":{"start":{"line":27,"column":2},"end":{"line":168,"column":6}},"25":{"start":{"line":41,"column":6},"end":{"line":48,"column":7}},"26":{"start":{"line":42,"column":8},"end":{"line":44,"column":9}},"27":{"start":{"line":43,"column":10},"end":{"line":43,"column":42}},"28":{"start":{"line":45,"column":8},"end":{"line":45,"column":15}},"29":{"start":{"line":47,"column":8},"end":{"line":47,"column":106}},"30":{"start":{"line":64,"column":18},"end":{"line":64,"column":43}},"31":{"start":{"line":65,"column":6},"end":{"line":67,"column":7}},"32":{"start":{"line":66,"column":8},"end":{"line":66,"column":45}},"33":{"start":{"line":69,"column":6},"end":{"line":80,"column":7}},"34":{"start":{"line":70,"column":8},"end":{"line":74,"column":11}},"35":{"start":{"line":71,"column":10},"end":{"line":71,"column":78}},"36":{"start":{"line":71,"column":19},"end":{"line":71,"column":78}},"37":{"start":{"line":72,"column":10},"end":{"line":72,"column":29}},"38":{"start":{"line":73,"column":10},"end":{"line":73,"column":17}},"39":{"start":{"line":76,"column":8},"end":{"line":79,"column":11}},"40":{"start":{"line":96,"column":6},"end":{"line":100,"column":7}},"41":{"start":{"line":97,"column":8},"end":{"line":97,"column":15}},"42":{"start":{"line":99,"column":8},"end":{"line":99,"column":82}},"43":{"start":{"line":116,"column":6},"end":{"line":122,"column":7}},"44":{"start":{"line":117,"column":21},"end":{"line":117,"column":88}},"45":{"start":{"line":118,"column":8},"end":{"line":118,"column":28}},"46":{"start":{"line":119,"column":8},"end":{"line":119,"column":22}},"47":{"start":{"line":121,"column":8},"end":{"line":121,"column":62}},"48":{"start":{"line":138,"column":6},"end":{"line":144,"column":7}},"49":{"start":{"line":139,"column":19},"end":{"line":139,"column":52}},"50":{"start":{"line":140,"column":8},"end":{"line":140,"column":32}},"51":{"start":{"line":140,"column":18},"end":{"line":140,"column":32}},"52":{"start":{"line":141,"column":8},"end":{"line":141,"column":90}},"53":{"start":{"line":143,"column":8},"end":{"line":143,"column":62}},"54":{"start":{"line":160,"column":6},"end":{"line":165,"column":7}},"55":{"start":{"line":161,"column":8},"end":{"line":163,"column":9}},"56":{"start":{"line":162,"column":10},"end":{"line":162,"column":92}},"57":{"start":{"line":164,"column":8},"end":{"line":164,"column":15}},"58":{"start":{"line":166,"column":6},"end":{"line":166,"column":13}},"59":{"start":{"line":170,"column":2},"end":{"line":170,"column":20}},"60":{"start":{"line":173,"column":0},"end":{"line":173,"column":29}}},"fnMap":{"0":{"name":"(anonymous_0)","decl":{"start":{"line":7,"column":19},"end":{"line":7,"column":20}},"loc":{"start":{"line":7,"column":31},"end":{"line":7,"column":561}},"line":7},"1":{"name":"defineProperties","decl":{"start":{"line":7,"column":42},"end":{"line":7,"column":58}},"loc":{"start":{"line":7,"column":74},"end":{"line":7,"column":349}},"line":7},"2":{"name":"(anonymous_2)","decl":{"start":{"line":7,"column":357},"end":{"line":7,"column":358}},"loc":{"start":{"line":7,"column":405},"end":{"line":7,"column":558}},"line":7},"3":{"name":"_interopRequireDefault","decl":{"start":{"line":17,"column":9},"end":{"line":17,"column":31}},"loc":{"start":{"line":17,"column":37},"end":{"line":17,"column":95}},"line":17},"4":{"name":"_classCallCheck","decl":{"start":{"line":19,"column":9},"end":{"line":19,"column":24}},"loc":{"start":{"line":19,"column":48},"end":{"line":19,"column":153}},"line":19},"5":{"name":"(anonymous_5)","decl":{"start":{"line":22,"column":17},"end":{"line":22,"column":18}},"loc":{"start":{"line":22,"column":29},"end":{"line":171,"column":1}},"line":22},"6":{"name":"Middleware","decl":{"start":{"line":23,"column":11},"end":{"line":23,"column":21}},"loc":{"start":{"line":23,"column":24},"end":{"line":25,"column":3}},"line":23},"7":{"name":"ensureJSONCompliant","decl":{"start":{"line":40,"column":20},"end":{"line":40,"column":39}},"loc":{"start":{"line":40,"column":56},"end":{"line":49,"column":5}},"line":40},"8":{"name":"isAuth","decl":{"start":{"line":63,"column":26},"end":{"line":63,"column":32}},"loc":{"start":{"line":63,"column":49},"end":{"line":81,"column":5}},"line":63},"9":{"name":"(anonymous_9)","decl":{"start":{"line":70,"column":65},"end":{"line":70,"column":66}},"loc":{"start":{"line":70,"column":89},"end":{"line":74,"column":9}},"line":70},"10":{"name":"isAdmin","decl":{"start":{"line":95,"column":26},"end":{"line":95,"column":33}},"loc":{"start":{"line":95,"column":50},"end":{"line":101,"column":5}},"line":95},"11":{"name":"parcelExists","decl":{"start":{"line":115,"column":26},"end":{"line":115,"column":38}},"loc":{"start":{"line":115,"column":55},"end":{"line":123,"column":5}},"line":115},"12":{"name":"isOwner","decl":{"start":{"line":137,"column":26},"end":{"line":137,"column":33}},"loc":{"start":{"line":137,"column":50},"end":{"line":145,"column":5}},"line":137},"13":{"name":"isOwnerOrAdmin","decl":{"start":{"line":159,"column":26},"end":{"line":159,"column":40}},"loc":{"start":{"line":159,"column":57},"end":{"line":167,"column":5}},"line":159}},"branchMap":{"0":{"loc":{"start":{"line":7,"column":168},"end":{"line":7,"column":198}},"type":"binary-expr","locations":[{"start":{"line":7,
[...]
:7,"column":134},"end":{"line":7,"column":142}},"4":{"start":{"line":7,"column":144},"end":{"line":7,"column":199}},"5":{"start":{"line":7,"column":200},"end":{"line":7,"column":231}},"6":{"start":{"line":7,"column":232},"end":{"line":7,"column":286}},"7":{"start":{"line":7,"column":259},"end":{"line":7,"column":286}},"8":{"start":{"line":7,"column":287},"end":{"line":7,"column":345}},"9":{"start":{"line":7,"column":350},"end":{"line":7,"column":559}},"10":{"start":{"line":7,"column":407},"end":{"line":7,"column":475}},"11":{"start":{"line":7,"column":423},"end":{"line":7,"column":475}},"12":{"start":{"line":7,"column":476},"end":{"line":7,"column":536}},"13":{"start":{"line":7,"column":493},"end":{"line":7,"column":536}},"14":{"start":{"line":7,"column":537},"end":{"line":7,"column":556}},"15":{"start":{"line":11,"column":12},"end":{"line":11,"column":27}},"16":{"start":{"line":13,"column":13},"end":{"line":13,"column":42}},"17":{"start":{"line":15,"column":16},"end":{"line":15,"column":36}},"18":{"start":{"line":17,"column":17},"end":{"line":17,"column":50}},"19":{"start":{"line":19,"column":12},"end":{"line":19,"column":27}},"20":{"start":{"line":21,"column":13},"end":{"line":21,"column":42}},"21":{"start":{"line":23,"column":20},"end":{"line":23,"column":43}},"22":{"start":{"line":25,"column":21},"end":{"line":25,"column":58}},"23":{"start":{"line":27,"column":9},"end":{"line":27,"column":27}},"24":{"start":{"line":29,"column":10},"end":{"line":29,"column":36}},"25":{"start":{"line":31,"column":14},"end":{"line":31,"column":31}},"26":{"start":{"line":33,"column":15},"end":{"line":33,"column":46}},"27":{"start":{"line":35,"column":14},"end":{"line":35,"column":37}},"28":{"start":{"line":37,"column":39},"end":{"line":37,"column":93}},"29":{"start":{"line":39,"column":50},"end":{"line":39,"column":151}},"30":{"start":{"line":39,"column":92},"end":{"line":39,"column":149}},"31":{"start":{"line":41,"column":0},"end":{"line":41,"column":26}},"32":{"start":{"line":42,"column":0},"end":{"line":42,"column":24}},"33":{"start":{"line":43,"column":0},"end":{"line":43,"column":39}},"34":{"start":{"line":45,"column":0},"end":{"line":45,"column":30}},"35":{"start":{"line":46,"column":11},"end":{"line":46,"column":15}},"36":{"start":{"line":48,"column":17},"end":{"line":48,"column":41}},"37":{"start":{"line":49,"column":10},"end":{"line":49,"column":24}},"38":{"start":{"line":51,"column":0},"end":{"line":51,"column":22}},"39":{"start":{"line":52,"column":13},"end":{"line":52,"column":45}},"40":{"start":{"line":53,"column":0},"end":{"line":57,"column":3}},"41":{"start":{"line":55,"column":2},"end":{"line":55,"column":157}},"42":{"start":{"line":56,"column":2},"end":{"line":56,"column":19}},"43":{"start":{"line":64,"column":20},"end":{"line":256,"column":3}},"44":{"start":{"line":72,"column":15},"end":{"line":72,"column":87}},"45":{"start":{"line":74,"column":4},"end":{"line":74,"column":41}},"46":{"start":{"line":76,"column":4},"end":{"line":76,"column":23}},"47":{"start":{"line":77,"column":4},"end":{"line":77,"column":35}},"48":{"start":{"line":89,"column":2},"end":{"line":253,"column":6}},"49":{"start":{"line":92,"column":18},"end":{"line":92,"column":22}},"50":{"start":{"line":94,"column":6},"end":{"line":120,"column":9}},"51":{"start":{"line":95,"column":8},"end":{"line":113,"column":11}},"52":{"start":{"line":96,"column":10},"end":{"line":112,"column":13}},"53":{"start":{"line":102,"column":12},"end":{"line":102,"column":46}},"54":{"start":{"line":103,"column":12},"end":{"line":103,"column":93}},"55":{"start":{"line":104,"column":12},"end":{"line":104,"column":49}},"56":{"start":{"line":105,"column":12},"end":{"line":108,"column":35}},"57":{"start":{"line":109,"column":12},"end":{"line":109,"column":19}},"58":{"start":{"line":111,"column":12},"end":{"line":111,"column":38}},"59":{"start":{"line":114,"column":8},"end":{"line":114,"column":26}},"60":{"start":{"line":115,"column":8},"end":{"line":115,"column":31}},"61":{"start":{"line":117,"column":8},"end":{"line":119,"column":11}},"62":{"start":{"line":118,"column":10},"end":{"line":118,"column":25}},"63":{"start":{"line":134,"column":19},"end":{"line":134,"column":23}},"64":{"start":{"line":136,"column":6},"end":{"line":152,"column":9}},"65":{"start":{"line":137,"column":8},"end":{"line":144,"column":11}},"66":{"start":{"line":138,"column":10},"end":{"line":143,"column":13}},"67":{"start":{"line":139,"column":12},"end":{"line":139,"column":45}},"68":{"start":{"line":140,"column":12},"end":{"line":140,"column":49}},"69":{"start":{"line":141,"column":12},"end":{"line":141,"column":66}},"70":{"start":{"line":142,"column":12},"end":{"line":142,"column":102}},"71":{"start":{"line":146,"column":8},"end":{"line":151,"column":11}},"72":{"start":{"line":147,"column":10},"end":{"line":150,"column":13}},"73":{"start":{"line":148,"column":12},"end":{"line":148,"column":45}},"74":{"start":{"line":149,"column":12},"end":{"line":149,"column":47}},"75":{"start":{"line":166,"column":19},"end":{"line":166,"column":23}},"76":{"start":{"line":168,"column":6},"end":{"line":251,"column":9}},"77":{"start":{"line":169,"column":8},"end":{"line":195,"column":11}},"78":{"start":{"line":170,"column":10},"end":{"line":194,"column":13}},"79":{"start":{"line":176,"column":12},"end":{"line":176,"column":58}},"80":{"start":{"line":177,"column":12},"end":{"line":191,"column":15}},"81":{"start":{"line":178,"column":14},"end":{"line":178,"column":48}},"82":{"start":{"line":179,"column":14},"end":{"line":179,"column":29}},"83":{"start":{"line":180,"column":14},"end":{"line":180,"column":34}},"84":{"start":{"line":181,"column":14},"end":{"line":190,"column":17}},"85":{"start":{"line":186,"column":16},"end":{"line":186,"column":58}},"86":{"start":{"line":187,"column":16},"end":{"line":187,"column":23}},"87":{"start":{"line":189,"column":16},"end":{"line":189,"column":77}},"88":{"start":{"line":193,"column":12},"end":{"line":193,"column":61}},"89":{"start":{"line":196,"column":8},"end":{"line":203,"column":11}},"90":{"start":{"line":197,"column":10},"end":{"line":202,"column":13}},"91":{"start":{"line":198,"column":12},"end":{"line":198,"column":45}},"92":{"start":{"line":199,"column":12},"end":{"line":199,"column":49}},"93":{"start":{"line":200,"column":12},"end":{"line":200,"column":66}},"94":{"start":{"line":201,"column":12},"end":{"line":201,"column":102}},"95":{"start":{"line":205,"column":8},"end":{"line":212,"column":11}},"96":{"start":{"line":206,"column":10},"end":{"line":211,"column":13}},"97":{"start":{"line":207,"column":12},"end":{"line":207,"column":45}},"98":{"start":{"line":208,"column":12},"end":{"line":208,"column":44}},"99":{"start":{"line":209,"column":12},"end":{"line":209,"column":56}},"100":{"start":{"line":210,"column":12},"end":{"line":210,"column":103}},"101":{"start":{"line":214,"column":8},"end":{"line":223,"column":11}},"102":{"start":{"line":215,"column":10},"end":{"line":222,"column":13}},"103":{"start":{"line":216,"column":12},"end":{"line":216,"column":45}},"104":{"start":{"line":217,"column":12},"end":{"line":217,"column":47}},"105":{"start":{"line":218,"column":12},"end":{"line":218,"column":56}},"106":{"start":{"line":219,"column":12},"end":{"line":219,"column":65}},"107":{"start":{"line":220,"column":12},"end":{"line":220,"column":59}},"108":{"start":{"line":221,"column":12},"end":{"line":221,"column":60}},"109":{"start":{"line":225,"column":8},"end":{"line":234,"column":11}},"110":{"start":{"line":226,"column":10},"end":{"line":233,"column":13}},"111":{"start":{"line":227,"column":12},"end":{"line":227,"column":45}},"112":{"start":{"line":228,"column":12},"end":{"line":228,"column":47}},"113":{"start":{"line":229,"column":12},"end":{"line":229,"column":56}},"114":{"start":{"line":230,"column":12},"end":{"line":230,"column":65}},"115":{"start":{"line":231,"column":12},"end":{"line":231,"column":59}},"116":{"start":{"line":232,"column":12},"end":{"line":232,"column":60}},"117":{"start":{"line":236,"column":8},"end":{"line":242,"column":11}},"118":{"start":{"line":237,"column":10},"end":{"line":241,"column":13}},"119":{"start":{"line":238,"column":12},"end":{"line":238,"column":45}},"120":{"start":{"line":239,"column":12},"end":{"line":239,"column":48}},"121":{"start":{"line":240,"column":12},"end":{"line":240,"column":110}},"122":{"start":{"line":244,"column":8},"end":{"line":250,"column":11}},"123":{"start":{"line":245,"column":10},"end":{"line":249,"column":13}},"124":{"start":{"line":246,"column":12},"end":{"line":246,"column":45}},"125":{"start":{"line":247,"column":12},"end":{"line":247,"column":47}},"126":{"start":{"line":248,"column":12},"end":{"line":248,"column":47}},"127":{"start":{"line":255,"column":2},"end":{"line":255,"column":23}},"128":{"start":{"line":258,"column":0},"end":{"line":258,"column":32}},"129":{"start":{"line":260,"column":0},"end":{"line":260,"column":57}}},"fnMap":{"0":{"name":"(anonymous_0)","decl":{"start":{"line":7,"column":19},"end":{"line":7,"column":20}},"loc":{"start":{"line":7,"column":31},"end":{"line":7,"column":561}},"line":7},"1":{"name":"defineProperties","decl":{"start":{"line":7,"column":42},"end":{"line":7,"column":58}},"loc":{"start":{"line":7,"column":74},"end":{"line":7,"column":349}},"line":7},"2":{"name":"(anonymous_2)","decl":{"start":{"line":7,"column":357},"end":{"line":7,"column":358}},"loc":{"start":{"line":7,"column":405},"end":{"line":7,"column":558}},"line":7},"3":{"name":"_interopRequireDefault","decl":{"start":{"line":37,"column":9},"end":{"line":37,"column":31}},"loc":{"start":{"line":37,"column":37},"end":{"line":37,"column":95}},"line":37},"4":{"name":"_classCallCheck","decl":{"start":{"line":39,"column":9},"end":{"line":39,"column":24}},"loc":{"start":{"line":39,"column":48},"end":{"line":39,"column":153}},"line":39},"5":{"name":"(anonymous_5)","decl":{"start":{"line":53,"column":32},"end":{"line":53,"column":33}},"loc":{"start":{"line":53,"column":47},"end":{"line":57,"column":1}},"line":53},"6":{"name":"(anonymous_6)","decl":{"start":{"line":64,"column":20},"end":{"line":64,"column":21}},"loc":{"start":{"line":64,"column":32},"end":{"line":256,"column":1}},"line":64},"7":{"name":"UsersApiTests","decl":{"start":{"line":71,"column":11},"end":{"line":71,"column":24}},"loc":{"start":{"line":71,"column":27},"end":{"line":78,"column":3}},"line":71},"8":{"name":"runTests","decl":{"start":{"line":91,"column":20},"end":{"line":91,"column":28}},"loc":{"start":{"line":91,"column":31},"end":{"line":121,"column":5}},"line":91},"9":{"name":"(anonymous_9)","decl":{"start":{"line":94,"column":34},"end":{"line":94,"column":35}},"loc":{"start":{"line":94,"column":46},"end":{"line":120,"column":7}},"line":94},"10":{"name":"(anonymous_10)","decl":{"start":{"line":95,"column":15},"end":{"line":95,"column":16}},"loc":{"start":{"line":95,"column":31},"end":{"line":113,"column":9}},"line":95},"11":{"name":"(anonymous_11)","decl":{"start":{"line":101,"column":18},"end":{"line":101,"column":19}},"loc":{"start":{"line":101,"column":38},"end":{"line":110,"column":11}},"line":101},"12":{"name":"(anonymous_12)","decl":{"start":{"line":110,"column":19},"end":{"line":110,"column":20}},"loc":{"start":{"line":110,"column":34},"end":{"line":112,"column":11}},"line":110},"13":{"name":"(anonymous_13)","decl":{"start":{"line":117,"column":14},"end":{"line":117,"column":15}},"loc":{"start":{"line":117,"column":26},"end":{"line":119,"column":9}},"line":117},"14":{"name":"listUsers","decl":{"start":{"line":133,"column":20},"end":{"line":133,"column":29}},"loc":{"start":{"line":133,"column":32},"end":{"line":153,"column":5}},"line":133},"15":{"name":"(anonymous_15)","decl":{"start":{"line":136,"column":38},"end":{"line":136,"column":39}},"loc":{"start":{"line":136,"column":50},"end":{"line":152,"column":7}},"line":136},"16":{"name":"(anonymous_16)","decl":{"start":{"line":137,"column":87},"end":{"line":137,"column":88}},"loc":{"start":{"line":137,"column":99},"end":{"line":144,"column":9}},"line":137},"17":{"name":"(anonymous_17)","decl":{"start":{"line":138,"column":80},"end":{"line":138,"column":81}},"loc":{"start":{"line":138,"column":100},"end":{"line":143,"column":11}},"line":138},"18":{"name":"(anonymous_18)","decl":{"start":{"line":146,"column":39},"end":{"line":146,"column":40}},"loc":{"start":{"line":146,"column":51},"end":{"line":151,"column":9}},"line":146},"19":{"name":"(anonymous_19)","decl":{"start":{"line":147,"column":136},"end":{"line":147,"column":137}},"loc":{"start":{"line":147,"column":156},"end":{"line":150,"column":11}},"line":147},"20":{"name":"getUserParcels","decl":{"start":{"line":165,"column":20},"end":{"line":165,"column":34}},"loc":{"start":{"line":165,"column":37},"end":{"line":252,"column":5}},"line":165},"21":{"name":"(anonymous_21)","decl":{"start":{"line":168,"column":60},"end":{"line":168,"column":61}},"loc":{"start":{"line":168,"column":72},"end":{"line":251,"column":7}},"line":168},"22":{"name":"(anonymous_22)","decl":{"start":{"line":169,"column":15},"end":{"line":169,"column":16}},"loc":{"start":{"line":169,"column":31},"end":{"line":195,"column":9}},"line":169},"23":{"name":"(anonymous_23)","decl":{"start":{"line":175,"column":18},"end":{"line":175,"column":19}},"loc":{"start":{"line":175,"column":38},"end":{"line":192,"column":11}},"line":175},"24":{"name":"(anonymous_24)","decl":{"start":{"line":177,"column":87},"end":{"line":177,"column":88}},"loc":{"start":{"line":177,"column":111},"end":{"line":191,"column":13}},"line":177},"25":{"name":"(anonymous_25)","decl":{"start":{"line":185,"column":68},"end":{"line":185,"column":69}},"loc":{"start":{"line":185,"column":100},"end":{"line":188,"column":15}},"line":185},"26":{"name":"(anonymous_26)","decl":{"start":{"line":188,"column":23},"end":{"line":188,"column":24}},"loc":{"start":{"line":188,"column":52},"end":{"line":190,"column":15}},"line":188},"27":{"name":"(anonymous_27)","decl":{"start":{"line":192,"column":19},"end":{"line":192,"column":20}},"loc":{"start":{"line":192,"column":34},"end":{"line":194,"column":11}},"line":192},"28":{"name":"(anonymous_28)","decl":{"start":{"line":196,"column":87},"end":{"line":196,"column":88}},"loc":{"start":{"line":196,"column":99},"end":{"line":203,"column":9}},"line":196},"29":{"name":"(anonymous_29)","decl":{"start":{"line":197,"column":80},"end":{"line":197,"column":81}},"loc":{"start":{"line":197,"column":100},"end":{"line":202,"column":11}},"line":197},"30":{"name":"(anonymous_30)","decl":{"start":{"line":205,"column":114},"end":{"line":205,"column":115}},"loc":{"start":{"line":205,"column":126},"end":{"line":212,"column":9}},"line":205},"31":{"name":"(anonymous_31)","decl":{"start":{"line":206,"column":142},"end":{"line":206,"column":143}},"loc":{"start":{"line":206,"column":162},"end":{"line":211,"column":11}},"line":206},"32":{"name":"(anonymous_32)","decl":{"start":{"line":214,"column":102},"end":{"line":214,"column":103}},"loc":{"start":{"line":214,"column":114},"end":{"line":223,"column":9}},"line":214},"33":{"name":"(anonymous_33)","decl":{"start":{"line":215,"column":184},"end":{"line":215,"column":185}},"loc":{"start":{"line":215,"column":204},"end":{"line":222,"column":11}},"line":215},"34":{"name":"(anonymous_34)","decl":{"start":{"line":225,"column":98},"end":{"line":225,"column":99}},"loc":{"start":{"line":225,"column":110},"end":{"line":234,"column":9}},"line":225},"35":{"name":"(anonymous_35)","decl":{"start":{"line":226,"column":186},"end":{"line":226,"column":187}},"loc":{"start":{"line":226,"column":206},"end":{"line":233,"column":11}},"line":226},"36":{"name":"(anonymous_36)","decl":{"start":{"line":236,"column":61},"end":{"line":236,"column":62}},"loc":{"start":{"line":236,"column":73},"end":{"line":242,"column":9}},"line":236},"37":{"name":"(anonymous_37)","decl":{"start":{"line":237,"column":158},"end":{"line":237,"column":159}},"loc":{"start":{"line":237,"column":178},"end":{"line":241,"column":11}},"line":237},"38":{"name":"(anonymous_38)","decl":{"start":{"line":244,"column":85},"end":{"line":244,"column":86}},"loc":{"start":{"line":244,"column":97},"end":{"line":250,"column":9}},"line":244},"39":{"name":"(anonymous_39)","decl":{"start":{"line":245,"column":177},"end":{"line":245,"column":178}},"loc":{"start":{"line":245,"column":197},"end":{"line":249,"column":11}},"line":245}},"branchMap":{"0":{"loc":{"start":{"line":7,"column":168},"end":{"line":7,"column":198}},"type":"binary-expr","locations":[{"start":{"line":7,"column":168},"end":{"line":7,"column":189}},{"start":{"line":7,"column":193},"end":{"line":7,"column":198}}],"line":7},"1":{"loc":{"start":{"line":7,"column":232},"end":{"line":7,"column":286}},"type":"if","locations":[{"start":{"line":7,"column":232},"end":{"line":7,"column":286}},{"start":{"line":7,"column":232},"end":{"line":7,"column":286}}],"line":7},"2":{"loc":{"start":{"line":7,"column":407},"end":{"line":7,"column":475}},"type":"if","locations":[{"start":{"line":7,"column":407},"end":{"line":7,"column":475}},{"start":{"line":7,"column":407},"end":{"line":7,"column":475}}],"line":7},"3":{"loc":{"start":{"line":7,"column":476},"end":{"line":7,"column":536}},"type":"if","locations":[{"start":{"line":7,"column":476},"end":{"line":7,"column":536}},{"start":{"line":7,"column":476},"end":{"line":7,"column":536}}],"line":7},"4":{"loc":{"start":{"line":37,"column":46},"end":{"line":37,"column":92}},"type":"cond-expr","locations":[{"start":{"line":37,"column":70},"end":{"line":37,"column":73}},{"start":{"line":37,"column":76},"end":{"line":37,"column":92}}],"line":37},"5":{"loc":{"start":{"line":37,"column":46},"end":{"line":37,"column":67}},"type":"binary-expr","locations":[{"start":{"line":37,"column":46},"end":{"line":37,"column":49}},{"start":{"line":37,"column":53},"end":{"line":37,"column":67}}],"line":37},"6":{"loc":{"start":{"line":39,"column":50},"end":{"line":39,"column":151}},"type":"if","locations":[{"start":{"line":39,"column":50},"end":{"line":39,"column":151}},{"start":{"line":39,"column":50},"end":{"line":39,"column":151}}],"line":39},"7":{"loc":{"start":{"line":72,"column":15},"end":{"line":72,"column":87}},"type":"cond-expr","locations":[{"start":{"line":72,"column":68},"end":{"line":72,"column":80}},{"start":{"line":72,"column":83},"end":{"line":72,"column":87}}],"line":72},"8":{"loc":{"start":{"line":72,"column":15},"end":{"line":72,"column":65}},"type":"binary-expr","locations":[{"start":{"line":72,"column":15},"end":{"line":72,"column":35}},{"start":{"line":72,"column":39},"end":{"line":72,"column":65}}],"line":72}},"s":{"0":1,"1":1,"2":1,"3":3,"4":3,"5":3,"6":3,"7":3,"8":3,"9":1,"10":1,"11":1,"12":1,"13":0,"14":1,"15":1,"16":1,"17":1,"18":1,"19":1,"20":1,"21":1,"22":1,"23":1,"24":1,"25":1,"26":1,"27":1,"28":6,"29":1,"30":0,"31":1,"32":1,"33":1,"34":1,"35":1,"36":1,"37":1,"38":1,"39":1,"40":1,"41":0,"42":0,"43":1,"44":1,"45":1,"46":1,"47":1,"48":1,"49":1,"50":1,"51":1,"52":1,"53":1,"54":1,"55":1,"56":1,"57":1,"58":0,"59":1,"60":1,"61":1,"62":1,"63":1,"64":1,"65":1,"66":1,"67":1,"68":1,"69":1,"70":1,"71":1,"72":1,"73":1,"74":1,"75":1,"76":1,"77":1,"78":1,"79":1,"80":1,"81":1,"82":1,"83":1,"84":1,"85":1,"86":1,"87":0,"88":0,"89":1,"90":1,"91":1,"92":1,"93":1,"94":1,"95":1,"96":1,"97":1,"98":1,"99":1,"100":1,"101":1,"102":1,"103":1,"104":1,"105":1,"106":1,"107":1,"108":1,"109":1,"110":1,"111":1,"112":1,"113":1,"114":1,"115":1,"116":1,"117":1,"118":1,"119":1,"120":1,"121":1,"122":1,"123":1,"124":1,"125":1,"126":1,"127":1,"128":1,"129":1},"f":{"0":1,"1":1,"2":1,"3":6,"4":1,"5":0,"6":1,"7":1,"8":1,"9":1,"10":1,"11":1,"12":0,"13":1,"14":1,"15":1,"16":1,"17":1,"18":1,"19":1,"20":1,"21":1,"22":1,"23":1,"24":1,"25":1,"26":0,"27":0,"28":1,"29":1,"30":1,"31":1,"32":1,"33":1,"34":1,"35":1,"36":1,"37":1,"38":1,"39":1},"b":{"0":[3,3],"1":[3,0],"2":[1,0],"3":[0,1],"4":[0,6],"5":[6,6],"6":[0,1],"7":[1,0],"8":[1,1]},"_coverageSchema":"43e27e138ebf9cfc5966b082cf9a028302ed4184","hash":"5900cc1ac372d7ddc19ea992cdbd536cf8695115","contentHash":"337da63f0bf083bafef4af73df6367e4"}}